2021-06-27 18:16:27,301 INFO o.a.j.u.JMeterUtils: Setting Locale to en_EN
2021-06-27 18:16:27,323 INFO o.a.j.JMeter: Loading user properties from: /usr/local/Cellar/jmeter/5.4.1/libexec/bin/user.properties
2021-06-27 18:16:27,324 INFO o.a.j.JMeter: Loading system properties from: /usr/local/Cellar/jmeter/5.4.1/libexec/bin/system.properties
2021-06-27 18:16:27,331 INFO o.a.j.JMeter: Copyright (c) 1998-2021 The Apache Software Foundation
2021-06-27 18:16:27,331 INFO o.a.j.JMeter: Version 5.4.1
2021-06-27 18:16:27,332 INFO o.a.j.JMeter: java.version=16.0.1
2021-06-27 18:16:27,332 INFO o.a.j.JMeter: java.vm.name=OpenJDK 64-Bit Server VM
2021-06-27 18:16:27,332 INFO o.a.j.JMeter: os.name=Mac OS X
2021-06-27 18:16:27,332 INFO o.a.j.JMeter: os.arch=x86_64
2021-06-27 18:16:27,332 INFO o.a.j.JMeter: os.version=10.15.7
2021-06-27 18:16:27,332 INFO o.a.j.JMeter: file.encoding=UTF-8
2021-06-27 18:16:27,332 INFO o.a.j.JMeter: java.awt.headless=null
2021-06-27 18:16:27,333 INFO o.a.j.JMeter: Max memory     =1073741824
2021-06-27 18:16:27,334 INFO o.a.j.JMeter: Available Processors =8
2021-06-27 18:16:27,348 INFO o.a.j.JMeter: Default Locale=English (EN)
2021-06-27 18:16:27,348 INFO o.a.j.JMeter: JMeter  Locale=English (EN)
2021-06-27 18:16:27,348 INFO o.a.j.JMeter: JMeterHome=/usr/local/Cellar/jmeter/5.4.1/libexec
2021-06-27 18:16:27,349 INFO o.a.j.JMeter: user.dir  =/Users/tim/Dropbox/My Mac (Tims-MacBook-Pro.local)/Documents/perf_sven_auth0
2021-06-27 18:16:27,349 INFO o.a.j.JMeter: PWD       =/Users/tim/Dropbox/My Mac (Tims-MacBook-Pro.local)/Documents/perf_sven_auth0
2021-06-27 18:16:27,351 INFO o.a.j.JMeter: IP: 192.168.0.80 Name: Tims-MacBook-Pro.local FullName: 192.168.0.80
2021-06-27 18:16:27,739 INFO o.a.j.JMeter: Setting LAF to: laf:javax.swing.plaf.metal.MetalLookAndFeel
2021-06-27 18:16:28,528 INFO o.a.j.JMeter: Loaded icon properties from org/apache/jmeter/images/icon.properties
2021-06-27 18:16:29,804 INFO o.j.r.JARSourceHTTP: Found cached repo
2021-06-27 18:16:30,040 INFO o.j.r.PluginManager: Plugins Status: [jpgc-graphs-basic=2.0, jpgc-plugins-manager=1.6, jpgc-redis=0.3, jpgc-csvars=0.1, jmeter-core=5.4.1, jmeter-ftp=5.4.1, jmeter-http=5.4.1, jmeter-jdbc=5.4.1, jmeter-jms=5.4.1, jmeter-junit=5.4.1, jmeter-java=5.4.1, jmeter-ldap=5.4.1, jmeter-mail=5.4.1, jmeter-mongodb=5.4.1, jmeter-native=5.4.1, jmeter-tcp=5.4.1, jmeter-components=5.4.1]
2021-06-27 18:16:30,157 INFO o.a.j.JMeter: Loading file: /Users/tim/Dropbox/My Mac (Tims-MacBook-Pro.local)/Documents/perf_sven_auth0/jmx/perf_jm_sven_autho.jmx
2021-06-27 18:16:30,159 INFO o.a.j.s.FileServer: Default base='/Users/tim/Dropbox/My Mac (Tims-MacBook-Pro.local)/Documents/perf_sven_auth0'
2021-06-27 18:16:30,160 INFO o.a.j.s.FileServer: Set new base='/Users/tim/Dropbox/My Mac (Tims-MacBook-Pro.local)/Documents/perf_sven_auth0/jmx'
2021-06-27 18:16:30,382 INFO o.a.j.s.SaveService: Testplan (JMX) version: 2.2. Testlog (JTL) version: 2.2
2021-06-27 18:16:30,395 INFO o.a.j.s.SaveService: Using SaveService properties version 5.0
2021-06-27 18:16:30,399 INFO o.a.j.s.SaveService: Using SaveService properties file encoding UTF-8
2021-06-27 18:16:30,401 INFO o.a.j.s.SaveService: Loading file: /Users/tim/Dropbox/My Mac (Tims-MacBook-Pro.local)/Documents/perf_sven_auth0/jmx/perf_jm_sven_autho.jmx
2021-06-27 18:16:30,557 INFO o.a.j.s.SampleResult: Note: Sample TimeStamps are START times
2021-06-27 18:16:30,557 INFO o.a.j.s.SampleResult: sampleresult.default.encoding is set to ISO-8859-1
2021-06-27 18:16:30,558 INFO o.a.j.s.SampleResult: sampleresult.useNanoTime=true
2021-06-27 18:16:30,558 INFO o.a.j.s.SampleResult: sampleresult.nanoThreadSleep=5000
2021-06-27 18:16:30,574 INFO o.a.j.p.h.s.HTTPSamplerBase: Parser for text/html is org.apache.jmeter.protocol.http.parser.LagartoBasedHtmlParser
2021-06-27 18:16:30,575 INFO o.a.j.p.h.s.HTTPSamplerBase: Parser for application/xhtml+xml is org.apache.jmeter.protocol.http.parser.LagartoBasedHtmlParser
2021-06-27 18:16:30,575 INFO o.a.j.p.h.s.HTTPSamplerBase: Parser for application/xml is org.apache.jmeter.protocol.http.parser.LagartoBasedHtmlParser
2021-06-27 18:16:30,575 INFO o.a.j.p.h.s.HTTPSamplerBase: Parser for text/xml is org.apache.jmeter.protocol.http.parser.LagartoBasedHtmlParser
2021-06-27 18:16:30,575 INFO o.a.j.p.h.s.HTTPSamplerBase: Parser for text/vnd.wap.wml is org.apache.jmeter.protocol.http.parser.RegexpHTMLParser
2021-06-27 18:16:30,576 INFO o.a.j.p.h.s.HTTPSamplerBase: Parser for text/css is org.apache.jmeter.protocol.http.parser.CssParser
2021-06-27 18:16:30,713 INFO o.a.j.s.FileServer: Set new base='/Users/tim/Dropbox/My Mac (Tims-MacBook-Pro.local)/Documents/perf_sven_auth0/jmx'
2021-06-27 18:16:30,990 INFO o.a.j.v.ViewResultsFullVisualizer: Add JavaFX to your Java installation if you want to use renderer: org.apache.jmeter.visualizers.RenderInBrowser
2021-06-27 18:16:57,362 INFO o.a.j.e.StandardJMeterEngine: Running the test!
2021-06-27 18:16:57,364 INFO o.a.j.s.SampleEvent: List of sample_variables: []
2021-06-27 18:16:57,364 INFO o.a.j.s.SampleEvent: List of sample_variables: []
2021-06-27 18:16:57,365 INFO o.a.j.e.u.CompoundVariable: Note: Function class names must contain the string: '.functions.'
2021-06-27 18:16:57,365 INFO o.a.j.e.u.CompoundVariable: Note: Function class names must not contain the string: '.gui.'
2021-06-27 18:16:57,416 ERROR k.a.j.c.VariableFromCsvFileReader: File not found: data/testEnvironment.properties (No such file or directory)
2021-06-27 18:16:57,416 ERROR k.a.j.c.VariableFromCsvFileReader: File not found: data/testConfig.properties (No such file or directory)
2021-06-27 18:16:57,416 ERROR k.a.j.c.VariableFromCsvFileReader: File not found: data/testUsers.properties (No such file or directory)
2021-06-27 18:16:57,417 ERROR k.a.j.c.VariableFromCsvFileReader: File not found: data/testThroughput.properties (No such file or directory)
2021-06-27 18:16:57,419 INFO o.a.j.v.b.BackendListener: Backend Listener: Starting worker with class: class org.apache.jmeter.visualizers.backend.influxdb.InfluxDBRawBackendListenerClient and queue capacity: 5000
2021-06-27 18:16:57,420 INFO o.a.j.v.b.BackendListener: Backend Listener: Started  worker with class: class org.apache.jmeter.visualizers.backend.influxdb.InfluxDBRawBackendListenerClient
2021-06-27 18:16:57,475 INFO o.a.j.g.u.JMeterMenuBar: setRunning(true, *local*)
2021-06-27 18:16:57,478 INFO o.a.j.e.StandardJMeterEngine: Starting setUp thread groups
2021-06-27 18:16:57,478 INFO o.a.j.e.StandardJMeterEngine: Starting setUp ThreadGroup: 1 : setUp_Data_Files 
2021-06-27 18:16:57,478 INFO o.a.j.e.StandardJMeterEngine: Starting 1 threads for group setUp_Data_Files.
2021-06-27 18:16:57,479 INFO o.a.j.e.StandardJMeterEngine: Test will stop on error
2021-06-27 18:16:57,479 INFO o.a.j.t.ThreadGroup: Starting thread group... number=1 threads=1 ramp-up=1 delayedStart=false
2021-06-27 18:16:57,482 INFO o.a.j.t.ThreadGroup: Started thread group number 1
2021-06-27 18:16:57,483 INFO o.a.j.e.StandardJMeterEngine: Waiting for all setup thread groups to exit
2021-06-27 18:16:57,484 INFO o.a.j.t.JMeterThread: Thread started: setUp_Data_Files 1-1
2021-06-27 18:16:58,843 INFO o.a.j.p.j.s.J.9999 - Load Redis: -----------------------------------------
2021-06-27 18:16:58,883 INFO o.a.j.p.j.s.J.9999 - Load Redis: Redis ... 192.168.0.81:6379
2021-06-27 18:16:58,926 INFO o.a.j.p.j.s.J.9999 - Load Redis: Redis running... PONG
2021-06-27 18:16:58,928 INFO o.a.j.t.JMeterThread: Thread is done: setUp_Data_Files 1-1
2021-06-27 18:16:58,928 INFO o.a.j.t.JMeterThread: Thread finished: setUp_Data_Files 1-1
2021-06-27 18:16:58,929 INFO o.a.j.e.StandardJMeterEngine: All Setup Threads have ended
2021-06-27 18:16:59,002 INFO o.a.j.e.StandardJMeterEngine: Starting ThreadGroup: 1 : tg_check_auth0_sven
2021-06-27 18:16:59,002 INFO o.a.j.e.StandardJMeterEngine: Starting 1 threads for group tg_check_auth0_sven.
2021-06-27 18:16:59,003 INFO o.a.j.e.StandardJMeterEngine: Thread will continue on error
2021-06-27 18:16:59,003 INFO o.a.j.t.ThreadGroup: Starting thread group... number=1 threads=1 ramp-up=1 delayedStart=false
2021-06-27 18:16:59,021 INFO o.a.j.t.ThreadGroup: Started thread group number 1
2021-06-27 18:16:59,021 INFO o.a.j.e.StandardJMeterEngine: All thread groups have been started
2021-06-27 18:16:59,022 INFO o.a.j.t.JMeterThread: Thread started: tg_check_auth0_sven 1-1
2021-06-27 18:16:59,035 INFO o.a.j.p.h.s.HTTPHCAbstractImpl: Local host = Tims-MacBook-Pro.local
2021-06-27 18:16:59,042 INFO o.a.j.p.h.s.HTTPHC4Impl: HTTP request retry count = 0
2021-06-27 18:16:59,078 INFO o.a.j.p.h.s.h.LazyLayeredConnectionSocketFactory: Setting up HTTPS TrustAll Socket Factory
2021-06-27 18:16:59,081 INFO o.a.j.u.JsseSSLManager: Using default SSL protocol: TLS
2021-06-27 18:16:59,081 INFO o.a.j.u.JsseSSLManager: SSL session context: per-thread
2021-06-27 18:16:59,086 INFO o.a.j.u.SSLManager: JmeterKeyStore Location:  type JKS
2021-06-27 18:16:59,087 INFO o.a.j.u.SSLManager: KeyStore created OK
2021-06-27 18:16:59,087 WARN o.a.j.u.SSLManager: Keystore file not found, loading empty keystore
2021-06-27 18:17:00,520 INFO o.a.j.r.Summariser: Generate Summary Results +      2 in 00:00:03 =    0.7/s Avg:  1438 Min:  1436 Max:  1440 Err:     0 (0.00%) Active: 1 Started: 1 Finished: 0
2021-06-27 18:17:06,066 INFO o.a.j.g.a.Start: Stopping test
2021-06-27 18:17:06,086 INFO o.a.j.t.JMeterThread: Stopping: tg_check_auth0_sven 1-1
2021-06-27 18:17:06,087 WARN o.a.j.t.JMeterThread: Interrupting: tg_check_auth0_sven 1-1 sampler: TAB auth0_sven_check - 01_request_verification_email
2021-06-27 18:17:06,093 INFO o.a.j.t.JMeterThread: Thread finished: tg_check_auth0_sven 1-1
2021-06-27 18:17:06,093 INFO o.a.j.e.StandardJMeterEngine: Notifying test listeners of end of test
2021-06-27 18:17:06,094 INFO o.a.j.v.b.BackendListener: Worker ended
2021-06-27 18:17:06,094 INFO o.a.j.v.b.i.HttpMetricsSender: Destroying 
2021-06-27 18:17:06,103 INFO o.a.j.r.Summariser: Generate Summary Results +      4 in 00:00:06 =    0.7/s Avg:  1390 Min:   931 Max:  1767 Err:     1 (25.00%) Active: 0 Started: 1 Finished: 1
2021-06-27 18:17:06,104 INFO o.a.j.r.Summariser: Generate Summary Results =      6 in 00:00:09 =    0.7/s Avg:  1406 Min:   931 Max:  1767 Err:     1 (16.67%)
2021-06-27 18:17:06,104 INFO o.a.j.g.u.JMeterMenuBar: setRunning(false, *local*)
2021-06-27 18:18:57,852 INFO o.a.j.e.StandardJMeterEngine: Running the test!
2021-06-27 18:18:57,853 INFO o.a.j.s.SampleEvent: List of sample_variables: []
2021-06-27 18:18:57,854 ERROR k.a.j.c.VariableFromCsvFileReader: File not found: data/testEnvironment.properties (No such file or directory)
2021-06-27 18:18:57,854 ERROR k.a.j.c.VariableFromCsvFileReader: File not found: data/testConfig.properties (No such file or directory)
2021-06-27 18:18:57,854 ERROR k.a.j.c.VariableFromCsvFileReader: File not found: data/testUsers.properties (No such file or directory)
2021-06-27 18:18:57,854 ERROR k.a.j.c.VariableFromCsvFileReader: File not found: data/testThroughput.properties (No such file or directory)
2021-06-27 18:18:57,856 INFO o.a.j.v.b.BackendListener: Backend Listener: Starting worker with class: class org.apache.jmeter.visualizers.backend.influxdb.InfluxDBRawBackendListenerClient and queue capacity: 5000
2021-06-27 18:18:57,856 INFO o.a.j.v.b.BackendListener: Backend Listener: Started  worker with class: class org.apache.jmeter.visualizers.backend.influxdb.InfluxDBRawBackendListenerClient
2021-06-27 18:18:57,857 INFO o.a.j.g.u.JMeterMenuBar: setRunning(true, *local*)
2021-06-27 18:18:57,858 INFO o.a.j.e.StandardJMeterEngine: Starting setUp thread groups
2021-06-27 18:18:57,858 INFO o.a.j.e.StandardJMeterEngine: Starting setUp ThreadGroup: 1 : setUp_Data_Files 
2021-06-27 18:18:57,858 INFO o.a.j.e.StandardJMeterEngine: Starting 1 threads for group setUp_Data_Files.
2021-06-27 18:18:57,858 INFO o.a.j.e.StandardJMeterEngine: Test will stop on error
2021-06-27 18:18:57,858 INFO o.a.j.t.ThreadGroup: Starting thread group... number=1 threads=1 ramp-up=1 delayedStart=false
2021-06-27 18:18:57,859 INFO o.a.j.t.ThreadGroup: Started thread group number 1
2021-06-27 18:18:57,859 INFO o.a.j.e.StandardJMeterEngine: Waiting for all setup thread groups to exit
2021-06-27 18:18:57,859 INFO o.a.j.t.JMeterThread: Thread started: setUp_Data_Files 1-1
2021-06-27 18:18:57,923 INFO o.a.j.p.j.s.J.9999 - Load Redis: -----------------------------------------
2021-06-27 18:18:57,923 INFO o.a.j.p.j.s.J.9999 - Load Redis: Redis ... 192.168.0.81:6379
2021-06-27 18:18:57,926 INFO o.a.j.p.j.s.J.9999 - Load Redis: Redis running... PONG
2021-06-27 18:18:57,929 INFO o.a.j.p.j.s.J.9999 - Load Redis: clearing redis set: interfaces
2021-06-27 18:18:57,933 INFO o.a.j.p.j.s.J.9999 - Load Redis: 	cleared file: Count = 0
2021-06-27 18:18:57,946 INFO o.a.j.p.j.s.J.9999 - Load Redis: error: java.io.FileNotFoundException: data/interfaces.csv (No such file or directory)
2021-06-27 18:18:57,955 INFO o.a.j.p.j.s.J.9999 - Load Redis: loaded interfaces file: 0 finished at null ...
2021-06-27 18:18:57,957 INFO o.a.j.p.j.s.J.9999 - Load Redis: -----------------------------------------
2021-06-27 18:18:57,958 INFO o.a.j.t.JMeterThread: Thread is done: setUp_Data_Files 1-1
2021-06-27 18:18:57,958 INFO o.a.j.t.JMeterThread: Thread finished: setUp_Data_Files 1-1
2021-06-27 18:18:57,958 INFO o.a.j.e.StandardJMeterEngine: All Setup Threads have ended
2021-06-27 18:18:58,008 INFO o.a.j.e.StandardJMeterEngine: Starting ThreadGroup: 1 : tg_check_auth0_sven
2021-06-27 18:18:58,009 INFO o.a.j.e.StandardJMeterEngine: Starting 1 threads for group tg_check_auth0_sven.
2021-06-27 18:18:58,009 INFO o.a.j.e.StandardJMeterEngine: Thread will continue on error
2021-06-27 18:18:58,009 INFO o.a.j.t.ThreadGroup: Starting thread group... number=1 threads=1 ramp-up=1 delayedStart=false
2021-06-27 18:18:58,022 INFO o.a.j.t.ThreadGroup: Started thread group number 1
2021-06-27 18:18:58,022 INFO o.a.j.e.StandardJMeterEngine: All thread groups have been started
2021-06-27 18:18:58,022 INFO o.a.j.t.JMeterThread: Thread started: tg_check_auth0_sven 1-1
2021-06-27 18:19:00,975 INFO o.a.j.r.Summariser: Generate Summary Results +      3 in 00:00:03 =    1.0/s Avg:  1015 Min:    97 Max:  1667 Err:     0 (0.00%) Active: 1 Started: 1 Finished: 0
2021-06-27 18:19:30,134 INFO o.a.j.r.Summariser: Generate Summary Results +     20 in 00:00:29 =    0.7/s Avg:  1456 Min:  1059 Max:  1861 Err:     0 (0.00%) Active: 1 Started: 1 Finished: 0
2021-06-27 18:19:30,135 INFO o.a.j.r.Summariser: Generate Summary Results =     23 in 00:00:32 =    0.7/s Avg:  1398 Min:    97 Max:  1861 Err:     0 (0.00%)
2021-06-27 18:20:01,210 INFO o.a.j.r.Summariser: Generate Summary Results +     21 in 00:00:31 =    0.7/s Avg:  1478 Min:  1039 Max:  1892 Err:     0 (0.00%) Active: 1 Started: 1 Finished: 0
2021-06-27 18:20:01,211 INFO o.a.j.r.Summariser: Generate Summary Results =     44 in 00:01:03 =    0.7/s Avg:  1436 Min:    97 Max:  1892 Err:     0 (0.00%)
2021-06-27 18:20:30,476 INFO o.a.j.r.Summariser: Generate Summary Results +     19 in 00:00:29 =    0.6/s Avg:  1539 Min:  1046 Max:  1922 Err:     0 (0.00%) Active: 1 Started: 1 Finished: 0
2021-06-27 18:20:30,477 INFO o.a.j.r.Summariser: Generate Summary Results =     63 in 00:01:33 =    0.7/s Avg:  1467 Min:    97 Max:  1922 Err:     0 (0.00%)
2021-06-27 18:21:01,059 INFO o.a.j.r.Summariser: Generate Summary Results +     20 in 00:00:31 =    0.7/s Avg:  1527 Min:  1049 Max:  1924 Err:     0 (0.00%) Active: 1 Started: 1 Finished: 0
2021-06-27 18:21:01,059 INFO o.a.j.r.Summariser: Generate Summary Results =     83 in 00:02:03 =    0.7/s Avg:  1482 Min:    97 Max:  1924 Err:     0 (0.00%)
2021-06-27 18:21:03,933 INFO o.a.j.g.a.Start: Stopping test
2021-06-27 18:21:03,949 INFO o.a.j.t.JMeterThread: Stopping: tg_check_auth0_sven 1-1
2021-06-27 18:21:03,949 WARN o.a.j.t.JMeterThread: Interrupting: tg_check_auth0_sven 1-1 sampler: TAB auth0_sven_check - 01_request_verification_email
2021-06-27 18:21:03,952 INFO o.a.j.t.JMeterThread: Thread finished: tg_check_auth0_sven 1-1
2021-06-27 18:21:03,952 INFO o.a.j.e.StandardJMeterEngine: Notifying test listeners of end of test
2021-06-27 18:21:03,953 INFO o.a.j.v.b.BackendListener: Worker ended
2021-06-27 18:21:03,953 INFO o.a.j.v.b.i.HttpMetricsSender: Destroying 
2021-06-27 18:21:03,960 INFO o.a.j.r.Summariser: Generate Summary Results +      3 in 00:00:03 =    1.0/s Avg:   963 Min:   385 Max:  1325 Err:     1 (33.33%) Active: 0 Started: 1 Finished: 1
2021-06-27 18:21:03,960 INFO o.a.j.r.Summariser: Generate Summary Results =     86 in 00:02:06 =    0.7/s Avg:  1464 Min:    97 Max:  1924 Err:     1 (1.16%)
2021-06-27 18:21:03,960 INFO o.a.j.g.u.JMeterMenuBar: setRunning(false, *local*)
2021-06-27 18:21:04,822 INFO o.a.j.e.StandardJMeterEngine: Running the test!
2021-06-27 18:21:04,822 INFO o.a.j.s.SampleEvent: List of sample_variables: []
2021-06-27 18:21:04,822 ERROR k.a.j.c.VariableFromCsvFileReader: File not found: data/testEnvironment.properties (No such file or directory)
2021-06-27 18:21:04,823 ERROR k.a.j.c.VariableFromCsvFileReader: File not found: data/testConfig.properties (No such file or directory)
2021-06-27 18:21:04,823 ERROR k.a.j.c.VariableFromCsvFileReader: File not found: data/testUsers.properties (No such file or directory)
2021-06-27 18:21:04,823 ERROR k.a.j.c.VariableFromCsvFileReader: File not found: data/testThroughput.properties (No such file or directory)
2021-06-27 18:21:04,824 INFO o.a.j.v.b.BackendListener: Backend Listener: Starting worker with class: class org.apache.jmeter.visualizers.backend.influxdb.InfluxDBRawBackendListenerClient and queue capacity: 5000
2021-06-27 18:21:04,825 INFO o.a.j.v.b.BackendListener: Backend Listener: Started  worker with class: class org.apache.jmeter.visualizers.backend.influxdb.InfluxDBRawBackendListenerClient
2021-06-27 18:21:04,826 INFO o.a.j.g.u.JMeterMenuBar: setRunning(true, *local*)
2021-06-27 18:21:04,826 INFO o.a.j.e.StandardJMeterEngine: Starting setUp thread groups
2021-06-27 18:21:04,826 INFO o.a.j.e.StandardJMeterEngine: Starting setUp ThreadGroup: 1 : setUp_Data_Files 
2021-06-27 18:21:04,827 INFO o.a.j.e.StandardJMeterEngine: Starting 1 threads for group setUp_Data_Files.
2021-06-27 18:21:04,827 INFO o.a.j.e.StandardJMeterEngine: Test will stop on error
2021-06-27 18:21:04,827 INFO o.a.j.t.ThreadGroup: Starting thread group... number=1 threads=1 ramp-up=1 delayedStart=false
2021-06-27 18:21:04,827 INFO o.a.j.t.ThreadGroup: Started thread group number 1
2021-06-27 18:21:04,827 INFO o.a.j.e.StandardJMeterEngine: Waiting for all setup thread groups to exit
2021-06-27 18:21:04,828 INFO o.a.j.t.JMeterThread: Thread started: setUp_Data_Files 1-1
2021-06-27 18:21:04,884 INFO o.a.j.p.j.s.J.9999 - Load Redis: -----------------------------------------
2021-06-27 18:21:04,885 INFO o.a.j.p.j.s.J.9999 - Load Redis: Redis ... 192.168.0.81:6379
2021-06-27 18:21:04,888 INFO o.a.j.p.j.s.J.9999 - Load Redis: Redis running... PONG
2021-06-27 18:21:04,888 INFO o.a.j.p.j.s.J.9999 - Load Redis: clearing redis set: interfaces
2021-06-27 18:21:04,892 INFO o.a.j.p.j.s.J.9999 - Load Redis: 	cleared file: Count = 0
2021-06-27 18:21:04,904 INFO o.a.j.p.j.s.J.9999 - Load Redis: loading redis interfaces set. Starting at: 2021/06/27T18:21:04 ...
2021-06-27 18:21:04,905 INFO o.a.j.p.j.s.J.9999 - Load Redis: line: test1
2021-06-27 18:21:04,925 INFO o.a.j.p.j.s.J.9999 - Load Redis: line: test2
2021-06-27 18:21:04,932 INFO o.a.j.p.j.s.J.9999 - Load Redis: loaded interfaces file: 2 finished at 2021/06/27T18:21:04 ...
2021-06-27 18:21:04,932 INFO o.a.j.p.j.s.J.9999 - Load Redis: -----------------------------------------
2021-06-27 18:21:04,932 INFO o.a.j.r.Summariser: Generate Summary Results +      1 in 00:00:00 =    9.4/s Avg:   104 Min:   104 Max:   104 Err:     0 (0.00%) Active: 1 Started: 1 Finished: 0
2021-06-27 18:21:04,933 INFO o.a.j.t.JMeterThread: Thread is done: setUp_Data_Files 1-1
2021-06-27 18:21:04,933 INFO o.a.j.t.JMeterThread: Thread finished: setUp_Data_Files 1-1
2021-06-27 18:21:04,933 INFO o.a.j.e.StandardJMeterEngine: All Setup Threads have ended
2021-06-27 18:21:04,989 INFO o.a.j.e.StandardJMeterEngine: Starting ThreadGroup: 1 : tg_check_auth0_sven
2021-06-27 18:21:04,989 INFO o.a.j.e.StandardJMeterEngine: Starting 1 threads for group tg_check_auth0_sven.
2021-06-27 18:21:04,989 INFO o.a.j.e.StandardJMeterEngine: Thread will continue on error
2021-06-27 18:21:04,990 INFO o.a.j.t.ThreadGroup: Starting thread group... number=1 threads=1 ramp-up=1 delayedStart=false
2021-06-27 18:21:05,001 INFO o.a.j.t.ThreadGroup: Started thread group number 1
2021-06-27 18:21:05,001 INFO o.a.j.e.StandardJMeterEngine: All thread groups have been started
2021-06-27 18:21:05,001 INFO o.a.j.t.JMeterThread: Thread started: tg_check_auth0_sven 1-1
2021-06-27 18:21:30,359 INFO o.a.j.r.Summariser: Generate Summary Results +     16 in 00:00:25 =    0.6/s Avg:  1583 Min:  1109 Max:  1897 Err:     0 (0.00%) Active: 1 Started: 1 Finished: 0
2021-06-27 18:21:30,359 INFO o.a.j.r.Summariser: Generate Summary Results =     17 in 00:00:26 =    0.7/s Avg:  1496 Min:   104 Max:  1897 Err:     0 (0.00%)
2021-06-27 18:22:00,895 INFO o.a.j.r.Summariser: Generate Summary Results +     21 in 00:00:31 =    0.7/s Avg:  1452 Min:  1035 Max:  1914 Err:     0 (0.00%) Active: 1 Started: 1 Finished: 0
2021-06-27 18:22:00,896 INFO o.a.j.r.Summariser: Generate Summary Results =     38 in 00:00:56 =    0.7/s Avg:  1472 Min:   104 Max:  1914 Err:     0 (0.00%)
2021-06-27 18:22:31,670 INFO o.a.j.r.Summariser: Generate Summary Results +     20 in 00:00:31 =    0.6/s Avg:  1537 Min:  1063 Max:  1870 Err:     0 (0.00%) Active: 1 Started: 1 Finished: 0
2021-06-27 18:22:31,671 INFO o.a.j.r.Summariser: Generate Summary Results =     58 in 00:01:27 =    0.7/s Avg:  1494 Min:   104 Max:  1914 Err:     0 (0.00%)
2021-06-27 18:23:01,233 INFO o.a.j.r.Summariser: Generate Summary Results +     19 in 00:00:30 =    0.6/s Avg:  1554 Min:  1122 Max:  1917 Err:     0 (0.00%) Active: 1 Started: 1 Finished: 0
2021-06-27 18:23:01,235 INFO o.a.j.r.Summariser: Generate Summary Results =     77 in 00:01:56 =    0.7/s Avg:  1509 Min:   104 Max:  1917 Err:     0 (0.00%)
2021-06-27 18:23:24,580 INFO o.a.j.g.a.Start: Stopping test
2021-06-27 18:23:24,600 INFO o.a.j.t.JMeterThread: Stopping: tg_check_auth0_sven 1-1
2021-06-27 18:23:24,600 WARN o.a.j.t.JMeterThread: Interrupting: tg_check_auth0_sven 1-1 sampler: TAB auth0_sven_check - 01_request_verification_email
2021-06-27 18:23:24,602 INFO o.a.j.t.JMeterThread: Thread finished: tg_check_auth0_sven 1-1
2021-06-27 18:23:24,604 INFO o.a.j.e.StandardJMeterEngine: Notifying test listeners of end of test
2021-06-27 18:23:24,604 INFO o.a.j.v.b.BackendListener: Worker ended
2021-06-27 18:23:24,605 INFO o.a.j.v.b.i.HttpMetricsSender: Destroying 
2021-06-27 18:23:24,611 INFO o.a.j.g.u.JMeterMenuBar: setRunning(false, *local*)
2021-06-27 18:24:06,973 INFO o.a.j.e.StandardJMeterEngine: Running the test!
2021-06-27 18:24:06,973 INFO o.a.j.s.SampleEvent: List of sample_variables: []
2021-06-27 18:24:06,974 ERROR k.a.j.c.VariableFromCsvFileReader: File not found: data/testEnvironment.properties (No such file or directory)
2021-06-27 18:24:06,974 ERROR k.a.j.c.VariableFromCsvFileReader: File not found: data/testConfig.properties (No such file or directory)
2021-06-27 18:24:06,974 ERROR k.a.j.c.VariableFromCsvFileReader: File not found: data/testUsers.properties (No such file or directory)
2021-06-27 18:24:06,974 ERROR k.a.j.c.VariableFromCsvFileReader: File not found: data/testThroughput.properties (No such file or directory)
2021-06-27 18:24:06,975 INFO o.a.j.v.b.BackendListener: Backend Listener: Starting worker with class: class org.apache.jmeter.visualizers.backend.influxdb.InfluxdbBackendListenerClient and queue capacity: 5000
2021-06-27 18:24:06,976 INFO o.a.j.v.b.BackendListener: Backend Listener: Started  worker with class: class org.apache.jmeter.visualizers.backend.influxdb.InfluxdbBackendListenerClient
2021-06-27 18:24:06,988 INFO o.a.j.g.u.JMeterMenuBar: setRunning(true, *local*)
2021-06-27 18:24:06,989 INFO o.a.j.e.StandardJMeterEngine: Starting setUp thread groups
2021-06-27 18:24:06,989 INFO o.a.j.e.StandardJMeterEngine: Starting setUp ThreadGroup: 1 : setUp_Data_Files 
2021-06-27 18:24:06,989 INFO o.a.j.e.StandardJMeterEngine: Starting 1 threads for group setUp_Data_Files.
2021-06-27 18:24:06,989 INFO o.a.j.e.StandardJMeterEngine: Test will stop on error
2021-06-27 18:24:06,989 INFO o.a.j.t.ThreadGroup: Starting thread group... number=1 threads=1 ramp-up=1 delayedStart=false
2021-06-27 18:24:06,991 INFO o.a.j.t.ThreadGroup: Started thread group number 1
2021-06-27 18:24:06,991 INFO o.a.j.e.StandardJMeterEngine: Waiting for all setup thread groups to exit
2021-06-27 18:24:06,991 INFO o.a.j.t.JMeterThread: Thread started: setUp_Data_Files 1-1
2021-06-27 18:24:07,065 INFO o.a.j.p.j.s.J.9999 - Load Redis: -----------------------------------------
2021-06-27 18:24:07,066 INFO o.a.j.p.j.s.J.9999 - Load Redis: Redis ... 192.168.0.81:6379
2021-06-27 18:24:07,070 INFO o.a.j.p.j.s.J.9999 - Load Redis: Redis running... PONG
2021-06-27 18:24:07,071 INFO o.a.j.p.j.s.J.9999 - Load Redis: clearing redis set: interfaces
2021-06-27 18:24:07,075 INFO o.a.j.p.j.s.J.9999 - Load Redis: 	cleared file: Count = 0
2021-06-27 18:24:07,076 INFO o.a.j.p.j.s.J.9999 - Load Redis: loading redis interfaces set. Starting at: 2021/06/27T18:24:07 ...
2021-06-27 18:24:07,081 INFO o.a.j.p.j.s.J.9999 - Load Redis: loaded interfaces file: 2 finished at 2021/06/27T18:24:07 ...
2021-06-27 18:24:07,081 INFO o.a.j.p.j.s.J.9999 - Load Redis: -----------------------------------------
2021-06-27 18:24:07,082 INFO o.a.j.t.JMeterThread: Thread is done: setUp_Data_Files 1-1
2021-06-27 18:24:07,082 INFO o.a.j.t.JMeterThread: Thread finished: setUp_Data_Files 1-1
2021-06-27 18:24:07,082 INFO o.a.j.e.StandardJMeterEngine: All Setup Threads have ended
2021-06-27 18:24:07,149 INFO o.a.j.e.StandardJMeterEngine: Starting ThreadGroup: 1 : tg_check_auth0_sven
2021-06-27 18:24:07,149 INFO o.a.j.e.StandardJMeterEngine: Starting 0 threads for group tg_check_auth0_sven.
2021-06-27 18:24:07,149 INFO o.a.j.e.StandardJMeterEngine: Thread will continue on error
2021-06-27 18:24:07,150 INFO o.a.j.t.ThreadGroup: Starting thread group... number=1 threads=0 ramp-up=1 delayedStart=false
2021-06-27 18:24:07,150 INFO o.a.j.t.ThreadGroup: Started thread group number 1
2021-06-27 18:24:07,150 INFO o.a.j.e.StandardJMeterEngine: All thread groups have been started
2021-06-27 18:24:07,150 INFO o.a.j.e.StandardJMeterEngine: Notifying test listeners of end of test
2021-06-27 18:24:07,150 INFO o.a.j.v.b.BackendListener: Worker ended
2021-06-27 18:24:07,151 INFO o.a.j.v.b.i.InfluxdbBackendListenerClient: Sending last metrics to InfluxDB
2021-06-27 18:24:07,156 INFO o.a.j.v.b.i.HttpMetricsSender: Destroying 
2021-06-27 18:24:07,167 INFO o.a.j.r.Summariser: Generate Summary Results =      1 in 00:00:00 =    5.6/s Avg:    89 Min:    89 Max:    89 Err:     0 (0.00%)
2021-06-27 18:24:07,168 INFO o.a.j.g.u.JMeterMenuBar: setRunning(false, *local*)
2021-06-27 18:26:56,352 INFO o.a.j.e.StandardJMeterEngine: Running the test!
2021-06-27 18:26:56,353 INFO o.a.j.s.SampleEvent: List of sample_variables: []
2021-06-27 18:26:56,353 ERROR k.a.j.c.VariableFromCsvFileReader: File not found: data/testEnvironment.properties (No such file or directory)
2021-06-27 18:26:56,354 ERROR k.a.j.c.VariableFromCsvFileReader: File not found: data/testConfig.properties (No such file or directory)
2021-06-27 18:26:56,354 ERROR k.a.j.c.VariableFromCsvFileReader: File not found: data/testUsers.properties (No such file or directory)
2021-06-27 18:26:56,354 ERROR k.a.j.c.VariableFromCsvFileReader: File not found: data/testThroughput.properties (No such file or directory)
2021-06-27 18:26:56,355 INFO o.a.j.v.b.BackendListener: Backend Listener: Starting worker with class: class org.apache.jmeter.visualizers.backend.influxdb.InfluxdbBackendListenerClient and queue capacity: 5000
2021-06-27 18:26:56,355 INFO o.a.j.v.b.BackendListener: Backend Listener: Started  worker with class: class org.apache.jmeter.visualizers.backend.influxdb.InfluxdbBackendListenerClient
2021-06-27 18:26:56,356 INFO o.a.j.g.u.JMeterMenuBar: setRunning(true, *local*)
2021-06-27 18:26:56,357 INFO o.a.j.e.StandardJMeterEngine: Starting setUp thread groups
2021-06-27 18:26:56,357 INFO o.a.j.e.StandardJMeterEngine: Starting setUp ThreadGroup: 1 : setUp_Data_Files 
2021-06-27 18:26:56,357 INFO o.a.j.e.StandardJMeterEngine: Starting 1 threads for group setUp_Data_Files.
2021-06-27 18:26:56,357 INFO o.a.j.e.StandardJMeterEngine: Test will stop on error
2021-06-27 18:26:56,357 INFO o.a.j.t.ThreadGroup: Starting thread group... number=1 threads=1 ramp-up=1 delayedStart=false
2021-06-27 18:26:56,357 INFO o.a.j.t.ThreadGroup: Started thread group number 1
2021-06-27 18:26:56,358 INFO o.a.j.e.StandardJMeterEngine: Waiting for all setup thread groups to exit
2021-06-27 18:26:56,358 INFO o.a.j.t.JMeterThread: Thread started: setUp_Data_Files 1-1
2021-06-27 18:26:56,402 INFO o.a.j.p.j.s.J.9999 - Load Redis: -----------------------------------------
2021-06-27 18:26:56,403 INFO o.a.j.p.j.s.J.9999 - Load Redis: Redis ... 192.168.0.81:6379
2021-06-27 18:26:56,407 INFO o.a.j.p.j.s.J.9999 - Load Redis: Redis running... PONG
2021-06-27 18:26:56,407 INFO o.a.j.p.j.s.J.9999 - Load Redis: clearing redis set: interfaces
2021-06-27 18:26:56,410 INFO o.a.j.p.j.s.J.9999 - Load Redis: 	cleared file: Count = 0
2021-06-27 18:26:56,411 INFO o.a.j.p.j.s.J.9999 - Load Redis: loading redis interfaces set. Starting at: 2021/06/27T18:26:56 ...
2021-06-27 18:26:56,414 INFO o.a.j.p.j.s.J.9999 - Load Redis: loaded interfaces file: 2 finished at 2021/06/27T18:26:56 ...
2021-06-27 18:26:56,415 INFO o.a.j.p.j.s.J.9999 - Load Redis: -----------------------------------------
2021-06-27 18:26:56,415 INFO o.a.j.t.JMeterThread: Thread is done: setUp_Data_Files 1-1
2021-06-27 18:26:56,415 INFO o.a.j.t.JMeterThread: Thread finished: setUp_Data_Files 1-1
2021-06-27 18:26:56,415 INFO o.a.j.e.StandardJMeterEngine: All Setup Threads have ended
2021-06-27 18:26:56,468 INFO o.a.j.e.StandardJMeterEngine: Starting ThreadGroup: 1 : tg_check_auth0_sven
2021-06-27 18:26:56,468 INFO o.a.j.e.StandardJMeterEngine: Starting 1 threads for group tg_check_auth0_sven.
2021-06-27 18:26:56,468 INFO o.a.j.e.StandardJMeterEngine: Thread will continue on error
2021-06-27 18:26:56,468 INFO o.a.j.t.ThreadGroup: Starting thread group... number=1 threads=1 ramp-up=1 delayedStart=false
2021-06-27 18:26:56,475 INFO o.a.j.t.ThreadGroup: Started thread group number 1
2021-06-27 18:26:56,475 INFO o.a.j.e.StandardJMeterEngine: All thread groups have been started
2021-06-27 18:26:56,476 INFO o.a.j.t.JMeterThread: Thread started: tg_check_auth0_sven 1-1
2021-06-27 18:27:01,048 INFO o.a.j.r.Summariser: Generate Summary Results +      4 in 00:00:05 =    0.9/s Avg:  1156 Min:    56 Max:  1718 Err:     0 (0.00%) Active: 1 Started: 1 Finished: 0
2021-06-27 18:27:30,015 INFO o.a.j.r.Summariser: Generate Summary Results +     19 in 00:00:29 =    0.7/s Avg:  1523 Min:  1046 Max:  1922 Err:     0 (0.00%) Active: 1 Started: 1 Finished: 0
2021-06-27 18:27:30,015 INFO o.a.j.r.Summariser: Generate Summary Results =     23 in 00:00:34 =    0.7/s Avg:  1459 Min:    56 Max:  1922 Err:     0 (0.00%)
2021-06-27 18:28:01,553 INFO o.a.j.r.Summariser: Generate Summary Results +     21 in 00:00:32 =    0.7/s Avg:  1500 Min:  1055 Max:  1820 Err:     0 (0.00%) Active: 1 Started: 1 Finished: 0
2021-06-27 18:28:01,553 INFO o.a.j.r.Summariser: Generate Summary Results =     44 in 00:01:05 =    0.7/s Avg:  1479 Min:    56 Max:  1922 Err:     0 (0.00%)
2021-06-27 18:28:30,985 INFO o.a.j.r.Summariser: Generate Summary Results +     20 in 00:00:29 =    0.7/s Avg:  1470 Min:  1021 Max:  1800 Err:     0 (0.00%) Active: 1 Started: 1 Finished: 0
2021-06-27 18:28:30,986 INFO o.a.j.r.Summariser: Generate Summary Results =     64 in 00:01:35 =    0.7/s Avg:  1476 Min:    56 Max:  1922 Err:     0 (0.00%)
2021-06-27 18:29:01,576 INFO o.a.j.r.Summariser: Generate Summary Results +     21 in 00:00:31 =    0.7/s Avg:  1455 Min:  1018 Max:  1870 Err:     0 (0.00%) Active: 1 Started: 1 Finished: 0
2021-06-27 18:29:01,577 INFO o.a.j.r.Summariser: Generate Summary Results =     85 in 00:02:05 =    0.7/s Avg:  1471 Min:    56 Max:  1922 Err:     0 (0.00%)
2021-06-27 18:29:31,495 INFO o.a.j.r.Summariser: Generate Summary Results +     21 in 00:00:30 =    0.7/s Avg:  1423 Min:  1030 Max:  1868 Err:     0 (0.00%) Active: 1 Started: 1 Finished: 0
2021-06-27 18:29:31,496 INFO o.a.j.r.Summariser: Generate Summary Results =    106 in 00:02:35 =    0.7/s Avg:  1461 Min:    56 Max:  1922 Err:     0 (0.00%)
2021-06-27 18:30:00,479 INFO o.a.j.r.Summariser: Generate Summary Results +     20 in 00:00:29 =    0.7/s Avg:  1448 Min:  1054 Max:  1906 Err:     0 (0.00%) Active: 1 Started: 1 Finished: 0
2021-06-27 18:30:00,479 INFO o.a.j.r.Summariser: Generate Summary Results =    126 in 00:03:04 =    0.7/s Avg:  1459 Min:    56 Max:  1922 Err:     0 (0.00%)
2021-06-27 18:30:30,019 INFO o.a.j.r.Summariser: Generate Summary Results +     21 in 00:00:30 =    0.7/s Avg:  1405 Min:  1060 Max:  1869 Err:     0 (0.00%) Active: 1 Started: 1 Finished: 0
2021-06-27 18:30:30,019 INFO o.a.j.r.Summariser: Generate Summary Results =    147 in 00:03:34 =    0.7/s Avg:  1452 Min:    56 Max:  1922 Err:     0 (0.00%)
2021-06-27 18:31:00,152 INFO o.a.j.r.Summariser: Generate Summary Results +     21 in 00:00:30 =    0.7/s Avg:  1434 Min:  1067 Max:  1847 Err:     0 (0.00%) Active: 1 Started: 1 Finished: 0
2021-06-27 18:31:00,153 INFO o.a.j.r.Summariser: Generate Summary Results =    168 in 00:04:04 =    0.7/s Avg:  1449 Min:    56 Max:  1922 Err:     0 (0.00%)
2021-06-27 18:31:30,650 INFO o.a.j.r.Summariser: Generate Summary Results +     21 in 00:00:30 =    0.7/s Avg:  1451 Min:  1022 Max:  1790 Err:     0 (0.00%) Active: 1 Started: 1 Finished: 0
2021-06-27 18:31:30,650 INFO o.a.j.r.Summariser: Generate Summary Results =    189 in 00:04:34 =    0.7/s Avg:  1449 Min:    56 Max:  1922 Err:     0 (0.00%)
2021-06-27 18:32:00,410 INFO o.a.j.r.Summariser: Generate Summary Results +     20 in 00:00:30 =    0.7/s Avg:  1487 Min:  1038 Max:  1921 Err:     0 (0.00%) Active: 1 Started: 1 Finished: 0
2021-06-27 18:32:00,410 INFO o.a.j.r.Summariser: Generate Summary Results =    209 in 00:05:04 =    0.7/s Avg:  1453 Min:    56 Max:  1922 Err:     0 (0.00%)
2021-06-27 18:32:30,015 INFO o.a.j.r.Summariser: Generate Summary Results +     20 in 00:00:30 =    0.7/s Avg:  1479 Min:  1022 Max:  1905 Err:     0 (0.00%) Active: 1 Started: 1 Finished: 0
2021-06-27 18:32:30,015 INFO o.a.j.r.Summariser: Generate Summary Results =    229 in 00:05:34 =    0.7/s Avg:  1455 Min:    56 Max:  1922 Err:     0 (0.00%)
2021-06-27 18:33:01,663 INFO o.a.j.r.Summariser: Generate Summary Results +     20 in 00:00:32 =    0.6/s Avg:  1581 Min:  1161 Max:  1897 Err:     0 (0.00%) Active: 1 Started: 1 Finished: 0
2021-06-27 18:33:01,664 INFO o.a.j.r.Summariser: Generate Summary Results =    249 in 00:06:05 =    0.7/s Avg:  1465 Min:    56 Max:  1922 Err:     0 (0.00%)
2021-06-27 18:33:30,787 INFO o.a.j.r.Summariser: Generate Summary Results +     20 in 00:00:29 =    0.7/s Avg:  1455 Min:  1019 Max:  1899 Err:     0 (0.00%) Active: 1 Started: 1 Finished: 0
2021-06-27 18:33:30,787 INFO o.a.j.r.Summariser: Generate Summary Results =    269 in 00:06:34 =    0.7/s Avg:  1465 Min:    56 Max:  1922 Err:     0 (0.00%)
2021-06-27 18:34:00,887 INFO o.a.j.r.Summariser: Generate Summary Results +     20 in 00:00:30 =    0.7/s Avg:  1504 Min:  1189 Max:  1801 Err:     0 (0.00%) Active: 1 Started: 1 Finished: 0
2021-06-27 18:34:00,888 INFO o.a.j.r.Summariser: Generate Summary Results =    289 in 00:07:05 =    0.7/s Avg:  1467 Min:    56 Max:  1922 Err:     0 (0.00%)
2021-06-27 18:34:30,106 INFO o.a.j.r.Summariser: Generate Summary Results +     19 in 00:00:29 =    0.7/s Avg:  1537 Min:  1092 Max:  1852 Err:     0 (0.00%) Active: 1 Started: 1 Finished: 0
2021-06-27 18:34:30,106 INFO o.a.j.r.Summariser: Generate Summary Results =    308 in 00:07:34 =    0.7/s Avg:  1472 Min:    56 Max:  1922 Err:     0 (0.00%)
2021-06-27 18:35:00,916 INFO o.a.j.r.Summariser: Generate Summary Results +     21 in 00:00:31 =    0.7/s Avg:  1466 Min:  1076 Max:  1919 Err:     0 (0.00%) Active: 1 Started: 1 Finished: 0
2021-06-27 18:35:00,917 INFO o.a.j.r.Summariser: Generate Summary Results =    329 in 00:08:05 =    0.7/s Avg:  1471 Min:    56 Max:  1922 Err:     0 (0.00%)
2021-06-27 18:35:30,414 INFO o.a.j.r.Summariser: Generate Summary Results +     21 in 00:00:29 =    0.7/s Avg:  1403 Min:  1062 Max:  1803 Err:     0 (0.00%) Active: 1 Started: 1 Finished: 0
2021-06-27 18:35:30,414 INFO o.a.j.r.Summariser: Generate Summary Results =    350 in 00:08:34 =    0.7/s Avg:  1467 Min:    56 Max:  1922 Err:     0 (0.00%)
2021-06-27 18:36:01,249 INFO o.a.j.r.Summariser: Generate Summary Results +     21 in 00:00:31 =    0.7/s Avg:  1467 Min:  1026 Max:  1905 Err:     0 (0.00%) Active: 1 Started: 1 Finished: 0
2021-06-27 18:36:01,249 INFO o.a.j.r.Summariser: Generate Summary Results =    371 in 00:09:05 =    0.7/s Avg:  1467 Min:    56 Max:  1922 Err:     0 (0.00%)
2021-06-27 18:36:30,209 INFO o.a.j.r.Summariser: Generate Summary Results +     20 in 00:00:29 =    0.7/s Avg:  1447 Min:  1072 Max:  1915 Err:     0 (0.00%) Active: 1 Started: 1 Finished: 0
2021-06-27 18:36:30,209 INFO o.a.j.r.Summariser: Generate Summary Results =    391 in 00:09:34 =    0.7/s Avg:  1466 Min:    56 Max:  1922 Err:     0 (0.00%)
2021-06-27 18:37:00,808 INFO o.a.j.r.Summariser: Generate Summary Results +     20 in 00:00:31 =    0.7/s Avg:  1529 Min:  1044 Max:  1903 Err:     0 (0.00%) Active: 1 Started: 1 Finished: 0
2021-06-27 18:37:00,809 INFO o.a.j.r.Summariser: Generate Summary Results =    411 in 00:10:04 =    0.7/s Avg:  1469 Min:    56 Max:  1922 Err:     0 (0.00%)
2021-06-27 18:37:31,279 INFO o.a.j.r.Summariser: Generate Summary Results +     21 in 00:00:30 =    0.7/s Avg:  1450 Min:  1026 Max:  1916 Err:     0 (0.00%) Active: 1 Started: 1 Finished: 0
2021-06-27 18:37:31,280 INFO o.a.j.r.Summariser: Generate Summary Results =    432 in 00:10:35 =    0.7/s Avg:  1468 Min:    56 Max:  1922 Err:     0 (0.00%)
2021-06-27 18:38:00,606 INFO o.a.j.r.Summariser: Generate Summary Results +     22 in 00:00:29 =    0.8/s Avg:  1332 Min:  1044 Max:  1866 Err:     0 (0.00%) Active: 1 Started: 1 Finished: 0
2021-06-27 18:38:00,607 INFO o.a.j.r.Summariser: Generate Summary Results =    454 in 00:11:04 =    0.7/s Avg:  1462 Min:    56 Max:  1922 Err:     0 (0.00%)
2021-06-27 18:38:31,715 INFO o.a.j.r.Summariser: Generate Summary Results +     21 in 00:00:31 =    0.7/s Avg:  1480 Min:  1037 Max:  1902 Err:     0 (0.00%) Active: 1 Started: 1 Finished: 0
2021-06-27 18:38:31,715 INFO o.a.j.r.Summariser: Generate Summary Results =    475 in 00:11:35 =    0.7/s Avg:  1462 Min:    56 Max:  1922 Err:     0 (0.00%)
2021-06-27 18:39:00,887 INFO o.a.j.r.Summariser: Generate Summary Results +     19 in 00:00:29 =    0.7/s Avg:  1534 Min:  1073 Max:  1891 Err:     0 (0.00%) Active: 1 Started: 1 Finished: 0
2021-06-27 18:39:00,887 INFO o.a.j.r.Summariser: Generate Summary Results =    494 in 00:12:05 =    0.7/s Avg:  1465 Min:    56 Max:  1922 Err:     0 (0.00%)
2021-06-27 18:39:30,544 INFO o.a.j.r.Summariser: Generate Summary Results +     21 in 00:00:30 =    0.7/s Avg:  1411 Min:  1051 Max:  1847 Err:     0 (0.00%) Active: 1 Started: 1 Finished: 0
2021-06-27 18:39:30,544 INFO o.a.j.r.Summariser: Generate Summary Results =    515 in 00:12:34 =    0.7/s Avg:  1463 Min:    56 Max:  1922 Err:     0 (0.00%)
2021-06-27 18:40:00,894 INFO o.a.j.r.Summariser: Generate Summary Results +     21 in 00:00:30 =    0.7/s Avg:  1444 Min:  1069 Max:  1872 Err:     0 (0.00%) Active: 1 Started: 1 Finished: 0
2021-06-27 18:40:00,895 INFO o.a.j.r.Summariser: Generate Summary Results =    536 in 00:13:05 =    0.7/s Avg:  1462 Min:    56 Max:  1922 Err:     0 (0.00%)
2021-06-27 18:40:30,677 INFO o.a.j.r.Summariser: Generate Summary Results +     22 in 00:00:30 =    0.7/s Avg:  1353 Min:  1102 Max:  1818 Err:     0 (0.00%) Active: 1 Started: 1 Finished: 0
2021-06-27 18:40:30,678 INFO o.a.j.r.Summariser: Generate Summary Results =    558 in 00:13:34 =    0.7/s Avg:  1458 Min:    56 Max:  1922 Err:     0 (0.00%)
2021-06-27 18:41:00,829 INFO o.a.j.r.Summariser: Generate Summary Results +     20 in 00:00:30 =    0.7/s Avg:  1506 Min:  1054 Max:  1906 Err:     0 (0.00%) Active: 1 Started: 1 Finished: 0
2021-06-27 18:41:00,829 INFO o.a.j.r.Summariser: Generate Summary Results =    578 in 00:14:04 =    0.7/s Avg:  1460 Min:    56 Max:  1922 Err:     0 (0.00%)
2021-06-27 18:41:30,944 INFO o.a.j.r.Summariser: Generate Summary Results +     21 in 00:00:30 =    0.7/s Avg:  1433 Min:  1054 Max:  1943 Err:     0 (0.00%) Active: 1 Started: 1 Finished: 0
2021-06-27 18:41:30,944 INFO o.a.j.r.Summariser: Generate Summary Results =    599 in 00:14:35 =    0.7/s Avg:  1459 Min:    56 Max:  1943 Err:     0 (0.00%)
2021-06-27 18:42:00,257 INFO o.a.j.r.Summariser: Generate Summary Results +     22 in 00:00:29 =    0.8/s Avg:  1331 Min:  1033 Max:  1896 Err:     0 (0.00%) Active: 1 Started: 1 Finished: 0
2021-06-27 18:42:00,257 INFO o.a.j.r.Summariser: Generate Summary Results =    621 in 00:15:04 =    0.7/s Avg:  1454 Min:    56 Max:  1943 Err:     0 (0.00%)
2021-06-27 18:42:30,358 INFO o.a.j.r.Summariser: Generate Summary Results +     21 in 00:00:30 =    0.7/s Avg:  1432 Min:  1022 Max:  1892 Err:     0 (0.00%) Active: 1 Started: 1 Finished: 0
2021-06-27 18:42:30,359 INFO o.a.j.r.Summariser: Generate Summary Results =    642 in 00:15:34 =    0.7/s Avg:  1453 Min:    56 Max:  1943 Err:     0 (0.00%)
2021-06-27 18:43:00,752 INFO o.a.j.r.Summariser: Generate Summary Results +     20 in 00:00:30 =    0.7/s Avg:  1519 Min:  1093 Max:  1836 Err:     0 (0.00%) Active: 1 Started: 1 Finished: 0
2021-06-27 18:43:00,753 INFO o.a.j.r.Summariser: Generate Summary Results =    662 in 00:16:04 =    0.7/s Avg:  1455 Min:    56 Max:  1943 Err:     0 (0.00%)
2021-06-27 18:43:31,242 INFO o.a.j.r.Summariser: Generate Summary Results +     21 in 00:00:30 =    0.7/s Avg:  1451 Min:  1021 Max:  1899 Err:     0 (0.00%) Active: 1 Started: 1 Finished: 0
2021-06-27 18:43:31,242 INFO o.a.j.r.Summariser: Generate Summary Results =    683 in 00:16:35 =    0.7/s Avg:  1455 Min:    56 Max:  1943 Err:     0 (0.00%)
2021-06-27 18:44:00,493 INFO o.a.j.r.Summariser: Generate Summary Results +     20 in 00:00:29 =    0.7/s Avg:  1461 Min:  1057 Max:  1907 Err:     0 (0.00%) Active: 1 Started: 1 Finished: 0
2021-06-27 18:44:00,494 INFO o.a.j.r.Summariser: Generate Summary Results =    703 in 00:17:04 =    0.7/s Avg:  1455 Min:    56 Max:  1943 Err:     0 (0.00%)
2021-06-27 18:44:30,709 INFO o.a.j.r.Summariser: Generate Summary Results +     20 in 00:00:30 =    0.7/s Avg:  1509 Min:  1125 Max:  1862 Err:     0 (0.00%) Active: 1 Started: 1 Finished: 0
2021-06-27 18:44:30,710 INFO o.a.j.r.Summariser: Generate Summary Results =    723 in 00:17:34 =    0.7/s Avg:  1457 Min:    56 Max:  1943 Err:     0 (0.00%)
2021-06-27 18:45:00,312 INFO o.a.j.r.Summariser: Generate Summary Results +     20 in 00:00:30 =    0.7/s Avg:  1479 Min:  1065 Max:  1828 Err:     0 (0.00%) Active: 1 Started: 1 Finished: 0
2021-06-27 18:45:00,314 INFO o.a.j.r.Summariser: Generate Summary Results =    743 in 00:18:04 =    0.7/s Avg:  1457 Min:    56 Max:  1943 Err:     0 (0.00%)
2021-06-27 18:45:31,557 INFO o.a.j.r.Summariser: Generate Summary Results +     20 in 00:00:31 =    0.6/s Avg:  1561 Min:  1099 Max:  1888 Err:     0 (0.00%) Active: 1 Started: 1 Finished: 0
2021-06-27 18:45:31,558 INFO o.a.j.r.Summariser: Generate Summary Results =    763 in 00:18:35 =    0.7/s Avg:  1460 Min:    56 Max:  1943 Err:     0 (0.00%)
2021-06-27 18:46:00,065 INFO o.a.j.r.Summariser: Generate Summary Results +     19 in 00:00:29 =    0.7/s Avg:  1499 Min:  1031 Max:  1831 Err:     0 (0.00%) Active: 1 Started: 1 Finished: 0
2021-06-27 18:46:00,065 INFO o.a.j.r.Summariser: Generate Summary Results =    782 in 00:19:04 =    0.7/s Avg:  1461 Min:    56 Max:  1943 Err:     0 (0.00%)
2021-06-27 18:46:31,437 INFO o.a.j.r.Summariser: Generate Summary Results +     21 in 00:00:31 =    0.7/s Avg:  1493 Min:  1126 Max:  1883 Err:     0 (0.00%) Active: 1 Started: 1 Finished: 0
2021-06-27 18:46:31,437 INFO o.a.j.r.Summariser: Generate Summary Results =    803 in 00:19:35 =    0.7/s Avg:  1462 Min:    56 Max:  1943 Err:     0 (0.00%)
2021-06-27 18:47:00,963 INFO o.a.j.r.Summariser: Generate Summary Results +     20 in 00:00:30 =    0.7/s Avg:  1475 Min:  1096 Max:  1904 Err:     0 (0.00%) Active: 1 Started: 1 Finished: 0
2021-06-27 18:47:00,963 INFO o.a.j.r.Summariser: Generate Summary Results =    823 in 00:20:05 =    0.7/s Avg:  1462 Min:    56 Max:  1943 Err:     0 (0.00%)
2021-06-27 18:47:30,319 INFO o.a.j.r.Summariser: Generate Summary Results +     21 in 00:00:29 =    0.7/s Avg:  1397 Min:  1040 Max:  1911 Err:     0 (0.00%) Active: 1 Started: 1 Finished: 0
2021-06-27 18:47:30,320 INFO o.a.j.r.Summariser: Generate Summary Results =    844 in 00:20:34 =    0.7/s Avg:  1461 Min:    56 Max:  1943 Err:     0 (0.00%)
2021-06-27 18:48:00,430 INFO o.a.j.r.Summariser: Generate Summary Results +     20 in 00:00:30 =    0.7/s Avg:  1504 Min:  1074 Max:  1848 Err:     0 (0.00%) Active: 1 Started: 1 Finished: 0
2021-06-27 18:48:00,433 INFO o.a.j.r.Summariser: Generate Summary Results =    864 in 00:21:04 =    0.7/s Avg:  1462 Min:    56 Max:  1943 Err:     0 (0.00%)
2021-06-27 18:48:30,837 INFO o.a.j.r.Summariser: Generate Summary Results +     21 in 00:00:30 =    0.7/s Avg:  1447 Min:  1019 Max:  1882 Err:     0 (0.00%) Active: 1 Started: 1 Finished: 0
2021-06-27 18:48:30,840 INFO o.a.j.r.Summariser: Generate Summary Results =    885 in 00:21:34 =    0.7/s Avg:  1461 Min:    56 Max:  1943 Err:     0 (0.00%)
2021-06-27 18:49:00,177 INFO o.a.j.r.Summariser: Generate Summary Results +     20 in 00:00:29 =    0.7/s Avg:  1465 Min:  1067 Max:  1919 Err:     0 (0.00%) Active: 1 Started: 1 Finished: 0
2021-06-27 18:49:00,178 INFO o.a.j.r.Summariser: Generate Summary Results =    905 in 00:22:04 =    0.7/s Avg:  1461 Min:    56 Max:  1943 Err:     0 (0.00%)
2021-06-27 18:49:30,093 INFO o.a.j.r.Summariser: Generate Summary Results +     20 in 00:00:30 =    0.7/s Avg:  1495 Min:  1137 Max:  1846 Err:     0 (0.00%) Active: 1 Started: 1 Finished: 0
2021-06-27 18:49:30,093 INFO o.a.j.r.Summariser: Generate Summary Results =    925 in 00:22:34 =    0.7/s Avg:  1462 Min:    56 Max:  1943 Err:     0 (0.00%)
2021-06-27 18:50:00,500 INFO o.a.j.r.Summariser: Generate Summary Results +     20 in 00:00:30 =    0.7/s Avg:  1519 Min:  1051 Max:  1906 Err:     0 (0.00%) Active: 1 Started: 1 Finished: 0
2021-06-27 18:50:00,500 INFO o.a.j.r.Summariser: Generate Summary Results =    945 in 00:23:04 =    0.7/s Avg:  1463 Min:    56 Max:  1943 Err:     0 (0.00%)
2021-06-27 18:50:31,068 INFO o.a.j.r.Summariser: Generate Summary Results +     21 in 00:00:31 =    0.7/s Avg:  1455 Min:  1024 Max:  1920 Err:     0 (0.00%) Active: 1 Started: 1 Finished: 0
2021-06-27 18:50:31,069 INFO o.a.j.r.Summariser: Generate Summary Results =    966 in 00:23:35 =    0.7/s Avg:  1463 Min:    56 Max:  1943 Err:     0 (0.00%)
2021-06-27 18:51:00,003 INFO o.a.j.r.Summariser: Generate Summary Results +     21 in 00:00:29 =    0.7/s Avg:  1377 Min:  1027 Max:  1849 Err:     0 (0.00%) Active: 1 Started: 1 Finished: 0
2021-06-27 18:51:00,004 INFO o.a.j.r.Summariser: Generate Summary Results =    987 in 00:24:04 =    0.7/s Avg:  1461 Min:    56 Max:  1943 Err:     0 (0.00%)
2021-06-27 18:51:30,441 INFO o.a.j.r.Summariser: Generate Summary Results +     21 in 00:00:30 =    0.7/s Avg:  1448 Min:  1042 Max:  1906 Err:     0 (0.00%) Active: 1 Started: 1 Finished: 0
2021-06-27 18:51:30,444 INFO o.a.j.r.Summariser: Generate Summary Results =   1008 in 00:24:34 =    0.7/s Avg:  1461 Min:    56 Max:  1943 Err:     0 (0.00%)
2021-06-27 18:52:01,241 INFO o.a.j.r.Summariser: Generate Summary Results +     21 in 00:00:31 =    0.7/s Avg:  1466 Min:  1092 Max:  1856 Err:     0 (0.00%) Active: 1 Started: 1 Finished: 0
2021-06-27 18:52:01,241 INFO o.a.j.r.Summariser: Generate Summary Results =   1029 in 00:25:05 =    0.7/s Avg:  1461 Min:    56 Max:  1943 Err:     0 (0.00%)
2021-06-27 18:52:30,024 INFO o.a.j.r.Summariser: Generate Summary Results +     19 in 00:00:29 =    0.7/s Avg:  1514 Min:  1091 Max:  1918 Err:     0 (0.00%) Active: 1 Started: 1 Finished: 0
2021-06-27 18:52:30,024 INFO o.a.j.r.Summariser: Generate Summary Results =   1048 in 00:25:34 =    0.7/s Avg:  1462 Min:    56 Max:  1943 Err:     0 (0.00%)
2021-06-27 18:53:01,001 INFO o.a.j.r.Summariser: Generate Summary Results +     22 in 00:00:31 =    0.7/s Avg:  1407 Min:  1021 Max:  1912 Err:     0 (0.00%) Active: 1 Started: 1 Finished: 0
2021-06-27 18:53:01,001 INFO o.a.j.r.Summariser: Generate Summary Results =   1070 in 00:26:05 =    0.7/s Avg:  1461 Min:    56 Max:  1943 Err:     0 (0.00%)
2021-06-27 18:53:30,431 INFO o.a.j.r.Summariser: Generate Summary Results +     20 in 00:00:29 =    0.7/s Avg:  1470 Min:  1046 Max:  1913 Err:     0 (0.00%) Active: 1 Started: 1 Finished: 0
2021-06-27 18:53:30,432 INFO o.a.j.r.Summariser: Generate Summary Results =   1090 in 00:26:34 =    0.7/s Avg:  1461 Min:    56 Max:  1943 Err:     0 (0.00%)
2021-06-27 18:54:00,431 INFO o.a.j.r.Summariser: Generate Summary Results +     21 in 00:00:30 =    0.7/s Avg:  1428 Min:  1047 Max:  1883 Err:     0 (0.00%) Active: 1 Started: 1 Finished: 0
2021-06-27 18:54:00,432 INFO o.a.j.r.Summariser: Generate Summary Results =   1111 in 00:27:04 =    0.7/s Avg:  1461 Min:    56 Max:  1943 Err:     0 (0.00%)
2021-06-27 18:54:31,071 INFO o.a.j.r.Summariser: Generate Summary Results +     21 in 00:00:31 =    0.7/s Avg:  1458 Min:  1031 Max:  1828 Err:     0 (0.00%) Active: 1 Started: 1 Finished: 0
2021-06-27 18:54:31,072 INFO o.a.j.r.Summariser: Generate Summary Results =   1132 in 00:27:35 =    0.7/s Avg:  1460 Min:    56 Max:  1943 Err:     0 (0.00%)
2021-06-27 18:55:00,385 INFO o.a.j.r.Summariser: Generate Summary Results +     19 in 00:00:29 =    0.6/s Avg:  1542 Min:  1053 Max:  1823 Err:     0 (0.00%) Active: 1 Started: 1 Finished: 0
2021-06-27 18:55:00,387 INFO o.a.j.r.Summariser: Generate Summary Results =   1151 in 00:28:04 =    0.7/s Avg:  1462 Min:    56 Max:  1943 Err:     0 (0.00%)
2021-06-27 18:55:30,944 INFO o.a.j.r.Summariser: Generate Summary Results +     21 in 00:00:31 =    0.7/s Avg:  1454 Min:  1050 Max:  1847 Err:     0 (0.00%) Active: 1 Started: 1 Finished: 0
2021-06-27 18:55:30,944 INFO o.a.j.r.Summariser: Generate Summary Results =   1172 in 00:28:35 =    0.7/s Avg:  1462 Min:    56 Max:  1943 Err:     0 (0.00%)
2021-06-27 18:56:01,077 INFO o.a.j.r.Summariser: Generate Summary Results +     20 in 00:00:30 =    0.7/s Avg:  1506 Min:  1038 Max:  1869 Err:     0 (0.00%) Active: 1 Started: 1 Finished: 0
2021-06-27 18:56:01,077 INFO o.a.j.r.Summariser: Generate Summary Results =   1192 in 00:29:05 =    0.7/s Avg:  1462 Min:    56 Max:  1943 Err:     0 (0.00%)
2021-06-27 18:56:31,009 INFO o.a.j.r.Summariser: Generate Summary Results +     20 in 00:00:30 =    0.7/s Avg:  1496 Min:  1102 Max:  1914 Err:     0 (0.00%) Active: 1 Started: 1 Finished: 0
2021-06-27 18:56:31,010 INFO o.a.j.r.Summariser: Generate Summary Results =   1212 in 00:29:35 =    0.7/s Avg:  1463 Min:    56 Max:  1943 Err:     0 (0.00%)
2021-06-27 18:57:00,247 INFO o.a.j.r.Summariser: Generate Summary Results +     20 in 00:00:29 =    0.7/s Avg:  1461 Min:  1052 Max:  1905 Err:     0 (0.00%) Active: 1 Started: 1 Finished: 0
2021-06-27 18:57:00,247 INFO o.a.j.r.Summariser: Generate Summary Results =   1232 in 00:30:04 =    0.7/s Avg:  1463 Min:    56 Max:  1943 Err:     0 (0.00%)
2021-06-27 18:57:31,329 INFO o.a.j.r.Summariser: Generate Summary Results +     22 in 00:00:31 =    0.7/s Avg:  1412 Min:  1027 Max:  1841 Err:     0 (0.00%) Active: 1 Started: 1 Finished: 0
2021-06-27 18:57:31,329 INFO o.a.j.r.Summariser: Generate Summary Results =   1254 in 00:30:35 =    0.7/s Avg:  1462 Min:    56 Max:  1943 Err:     0 (0.00%)
2021-06-27 18:58:01,514 INFO o.a.j.r.Summariser: Generate Summary Results +     19 in 00:00:30 =    0.6/s Avg:  1588 Min:  1044 Max:  1911 Err:     0 (0.00%) Active: 1 Started: 1 Finished: 0
2021-06-27 18:58:01,514 INFO o.a.j.r.Summariser: Generate Summary Results =   1273 in 00:31:05 =    0.7/s Avg:  1464 Min:    56 Max:  1943 Err:     0 (0.00%)
2021-06-27 18:58:31,116 INFO o.a.j.r.Summariser: Generate Summary Results +     20 in 00:00:30 =    0.7/s Avg:  1479 Min:  1161 Max:  1857 Err:     0 (0.00%) Active: 1 Started: 1 Finished: 0
2021-06-27 18:58:31,118 INFO o.a.j.r.Summariser: Generate Summary Results =   1293 in 00:31:35 =    0.7/s Avg:  1464 Min:    56 Max:  1943 Err:     0 (0.00%)
2021-06-27 18:59:00,111 INFO o.a.j.r.Summariser: Generate Summary Results +     19 in 00:00:29 =    0.7/s Avg:  1525 Min:  1078 Max:  1853 Err:     0 (0.00%) Active: 1 Started: 1 Finished: 0
2021-06-27 18:59:00,111 INFO o.a.j.r.Summariser: Generate Summary Results =   1312 in 00:32:04 =    0.7/s Avg:  1465 Min:    56 Max:  1943 Err:     0 (0.00%)
2021-06-27 18:59:30,660 INFO o.a.j.r.Summariser: Generate Summary Results +     21 in 00:00:31 =    0.7/s Avg:  1454 Min:  1059 Max:  1889 Err:     0 (0.00%) Active: 1 Started: 1 Finished: 0
2021-06-27 18:59:30,661 INFO o.a.j.r.Summariser: Generate Summary Results =   1333 in 00:32:34 =    0.7/s Avg:  1465 Min:    56 Max:  1943 Err:     0 (0.00%)
2021-06-27 19:00:00,474 INFO o.a.j.r.Summariser: Generate Summary Results +     20 in 00:00:30 =    0.7/s Avg:  1490 Min:  1027 Max:  1919 Err:     0 (0.00%) Active: 1 Started: 1 Finished: 0
2021-06-27 19:00:00,474 INFO o.a.j.r.Summariser: Generate Summary Results =   1353 in 00:33:04 =    0.7/s Avg:  1465 Min:    56 Max:  1943 Err:     0 (0.00%)
2021-06-27 19:00:30,221 INFO o.a.j.r.Summariser: Generate Summary Results +     19 in 00:00:30 =    0.6/s Avg:  1565 Min:  1037 Max:  1903 Err:     0 (0.00%) Active: 1 Started: 1 Finished: 0
2021-06-27 19:00:30,222 INFO o.a.j.r.Summariser: Generate Summary Results =   1372 in 00:33:34 =    0.7/s Avg:  1467 Min:    56 Max:  1943 Err:     0 (0.00%)
2021-06-27 19:01:00,607 INFO o.a.j.r.Summariser: Generate Summary Results +     21 in 00:00:30 =    0.7/s Avg:  1446 Min:  1041 Max:  1912 Err:     0 (0.00%) Active: 1 Started: 1 Finished: 0
2021-06-27 19:01:00,607 INFO o.a.j.r.Summariser: Generate Summary Results =   1393 in 00:34:04 =    0.7/s Avg:  1466 Min:    56 Max:  1943 Err:     0 (0.00%)
2021-06-27 19:01:30,397 INFO o.a.j.r.Summariser: Generate Summary Results +     20 in 00:00:30 =    0.7/s Avg:  1489 Min:  1157 Max:  1906 Err:     0 (0.00%) Active: 1 Started: 1 Finished: 0
2021-06-27 19:01:30,397 INFO o.a.j.r.Summariser: Generate Summary Results =   1413 in 00:34:34 =    0.7/s Avg:  1467 Min:    56 Max:  1943 Err:     0 (0.00%)
2021-06-27 19:02:01,229 INFO o.a.j.r.Summariser: Generate Summary Results +     22 in 00:00:31 =    0.7/s Avg:  1400 Min:  1031 Max:  1908 Err:     0 (0.00%) Active: 1 Started: 1 Finished: 0
2021-06-27 19:02:01,230 INFO o.a.j.r.Summariser: Generate Summary Results =   1435 in 00:35:05 =    0.7/s Avg:  1466 Min:    56 Max:  1943 Err:     0 (0.00%)
2021-06-27 19:02:31,168 INFO o.a.j.r.Summariser: Generate Summary Results +     21 in 00:00:30 =    0.7/s Avg:  1424 Min:  1039 Max:  1901 Err:     0 (0.00%) Active: 1 Started: 1 Finished: 0
2021-06-27 19:02:31,168 INFO o.a.j.r.Summariser: Generate Summary Results =   1456 in 00:35:35 =    0.7/s Avg:  1465 Min:    56 Max:  1943 Err:     0 (0.00%)
2021-06-27 19:03:00,578 INFO o.a.j.r.Summariser: Generate Summary Results +     21 in 00:00:29 =    0.7/s Avg:  1399 Min:  1098 Max:  1811 Err:     0 (0.00%) Active: 1 Started: 1 Finished: 0
2021-06-27 19:03:00,578 INFO o.a.j.r.Summariser: Generate Summary Results =   1477 in 00:36:04 =    0.7/s Avg:  1464 Min:    56 Max:  1943 Err:     0 (0.00%)
2021-06-27 19:03:30,737 INFO o.a.j.r.Summariser: Generate Summary Results +     21 in 00:00:30 =    0.7/s Avg:  1435 Min:  1035 Max:  1889 Err:     0 (0.00%) Active: 1 Started: 1 Finished: 0
2021-06-27 19:03:30,737 INFO o.a.j.r.Summariser: Generate Summary Results =   1498 in 00:36:34 =    0.7/s Avg:  1464 Min:    56 Max:  1943 Err:     0 (0.00%)
2021-06-27 19:04:00,203 INFO o.a.j.r.Summariser: Generate Summary Results +     21 in 00:00:29 =    0.7/s Avg:  1402 Min:  1060 Max:  1911 Err:     0 (0.00%) Active: 1 Started: 1 Finished: 0
2021-06-27 19:04:00,203 INFO o.a.j.r.Summariser: Generate Summary Results =   1519 in 00:37:04 =    0.7/s Avg:  1463 Min:    56 Max:  1943 Err:     0 (0.00%)
2021-06-27 19:04:30,675 INFO o.a.j.r.Summariser: Generate Summary Results +     21 in 00:00:30 =    0.7/s Avg:  1450 Min:  1015 Max:  1895 Err:     0 (0.00%) Active: 1 Started: 1 Finished: 0
2021-06-27 19:04:30,675 INFO o.a.j.r.Summariser: Generate Summary Results =   1540 in 00:37:34 =    0.7/s Avg:  1463 Min:    56 Max:  1943 Err:     0 (0.00%)
2021-06-27 19:05:00,918 INFO o.a.j.r.Summariser: Generate Summary Results +     20 in 00:00:30 =    0.7/s Avg:  1511 Min:  1080 Max:  1923 Err:     0 (0.00%) Active: 1 Started: 1 Finished: 0
2021-06-27 19:05:00,919 INFO o.a.j.r.Summariser: Generate Summary Results =   1560 in 00:38:05 =    0.7/s Avg:  1463 Min:    56 Max:  1943 Err:     0 (0.00%)
2021-06-27 19:05:30,530 INFO o.a.j.r.Summariser: Generate Summary Results +     20 in 00:00:30 =    0.7/s Avg:  1479 Min:  1056 Max:  1919 Err:     0 (0.00%) Active: 1 Started: 1 Finished: 0
2021-06-27 19:05:30,532 INFO o.a.j.r.Summariser: Generate Summary Results =   1580 in 00:38:34 =    0.7/s Avg:  1463 Min:    56 Max:  1943 Err:     0 (0.00%)
2021-06-27 19:06:01,274 INFO o.a.j.r.Summariser: Generate Summary Results +     21 in 00:00:31 =    0.7/s Avg:  1463 Min:  1029 Max:  1917 Err:     0 (0.00%) Active: 1 Started: 1 Finished: 0
2021-06-27 19:06:01,274 INFO o.a.j.r.Summariser: Generate Summary Results =   1601 in 00:39:05 =    0.7/s Avg:  1463 Min:    56 Max:  1943 Err:     0 (0.00%)
2021-06-27 19:06:30,449 INFO o.a.j.r.Summariser: Generate Summary Results +     21 in 00:00:29 =    0.7/s Avg:  1388 Min:  1027 Max:  1904 Err:     0 (0.00%) Active: 1 Started: 1 Finished: 0
2021-06-27 19:06:30,451 INFO o.a.j.r.Summariser: Generate Summary Results =   1622 in 00:39:34 =    0.7/s Avg:  1462 Min:    56 Max:  1943 Err:     0 (0.00%)
2021-06-27 19:07:00,738 INFO o.a.j.r.Summariser: Generate Summary Results +     21 in 00:00:30 =    0.7/s Avg:  1441 Min:  1019 Max:  1875 Err:     0 (0.00%) Active: 1 Started: 1 Finished: 0
2021-06-27 19:07:00,738 INFO o.a.j.r.Summariser: Generate Summary Results =   1643 in 00:40:04 =    0.7/s Avg:  1462 Min:    56 Max:  1943 Err:     0 (0.00%)
2021-06-27 19:07:31,045 INFO o.a.j.r.Summariser: Generate Summary Results +     21 in 00:00:30 =    0.7/s Avg:  1442 Min:  1051 Max:  1866 Err:     0 (0.00%) Active: 1 Started: 1 Finished: 0
2021-06-27 19:07:31,045 INFO o.a.j.r.Summariser: Generate Summary Results =   1664 in 00:40:35 =    0.7/s Avg:  1462 Min:    56 Max:  1943 Err:     0 (0.00%)
2021-06-27 19:08:00,500 INFO o.a.j.r.Summariser: Generate Summary Results +     20 in 00:00:29 =    0.7/s Avg:  1472 Min:  1029 Max:  1895 Err:     0 (0.00%) Active: 1 Started: 1 Finished: 0
2021-06-27 19:08:00,500 INFO o.a.j.r.Summariser: Generate Summary Results =   1684 in 00:41:04 =    0.7/s Avg:  1462 Min:    56 Max:  1943 Err:     0 (0.00%)
2021-06-27 19:08:30,328 INFO o.a.j.r.Summariser: Generate Summary Results +     21 in 00:00:30 =    0.7/s Avg:  1419 Min:  1073 Max:  1900 Err:     0 (0.00%) Active: 1 Started: 1 Finished: 0
2021-06-27 19:08:30,328 INFO o.a.j.r.Summariser: Generate Summary Results =   1705 in 00:41:34 =    0.7/s Avg:  1462 Min:    56 Max:  1943 Err:     0 (0.00%)
2021-06-27 19:09:01,241 INFO o.a.j.r.Summariser: Generate Summary Results +     20 in 00:00:31 =    0.6/s Avg:  1545 Min:  1150 Max:  1901 Err:     0 (0.00%) Active: 1 Started: 1 Finished: 0
2021-06-27 19:09:01,243 INFO o.a.j.r.Summariser: Generate Summary Results =   1725 in 00:42:05 =    0.7/s Avg:  1462 Min:    56 Max:  1943 Err:     0 (0.00%)
2021-06-27 19:09:30,371 INFO o.a.j.r.Summariser: Generate Summary Results +     19 in 00:00:29 =    0.7/s Avg:  1532 Min:  1033 Max:  1892 Err:     0 (0.00%) Active: 1 Started: 1 Finished: 0
2021-06-27 19:09:30,371 INFO o.a.j.r.Summariser: Generate Summary Results =   1744 in 00:42:34 =    0.7/s Avg:  1463 Min:    56 Max:  1943 Err:     0 (0.00%)
2021-06-27 19:10:01,607 INFO o.a.j.r.Summariser: Generate Summary Results +     20 in 00:00:31 =    0.6/s Avg:  1561 Min:  1077 Max:  1915 Err:     0 (0.00%) Active: 1 Started: 1 Finished: 0
2021-06-27 19:10:01,610 INFO o.a.j.r.Summariser: Generate Summary Results =   1764 in 00:43:05 =    0.7/s Avg:  1464 Min:    56 Max:  1943 Err:     0 (0.00%)
2021-06-27 19:10:31,708 INFO o.a.j.r.Summariser: Generate Summary Results +     20 in 00:00:30 =    0.7/s Avg:  1504 Min:  1101 Max:  1899 Err:     0 (0.00%) Active: 1 Started: 1 Finished: 0
2021-06-27 19:10:31,708 INFO o.a.j.r.Summariser: Generate Summary Results =   1784 in 00:43:35 =    0.7/s Avg:  1465 Min:    56 Max:  1943 Err:     0 (0.00%)
2021-06-27 19:11:00,652 INFO o.a.j.r.Summariser: Generate Summary Results +     19 in 00:00:29 =    0.7/s Avg:  1522 Min:  1078 Max:  1891 Err:     0 (0.00%) Active: 1 Started: 1 Finished: 0
2021-06-27 19:11:00,652 INFO o.a.j.r.Summariser: Generate Summary Results =   1803 in 00:44:04 =    0.7/s Avg:  1465 Min:    56 Max:  1943 Err:     0 (0.00%)
2021-06-27 19:11:31,813 INFO o.a.j.r.Summariser: Generate Summary Results +     22 in 00:00:31 =    0.7/s Avg:  1416 Min:  1030 Max:  1911 Err:     0 (0.00%) Active: 1 Started: 1 Finished: 0
2021-06-27 19:11:31,813 INFO o.a.j.r.Summariser: Generate Summary Results =   1825 in 00:44:35 =    0.7/s Avg:  1465 Min:    56 Max:  1943 Err:     0 (0.00%)
2021-06-27 19:12:00,399 INFO o.a.j.r.Summariser: Generate Summary Results +     19 in 00:00:29 =    0.7/s Avg:  1504 Min:  1017 Max:  1866 Err:     0 (0.00%) Active: 1 Started: 1 Finished: 0
2021-06-27 19:12:00,399 INFO o.a.j.r.Summariser: Generate Summary Results =   1844 in 00:45:04 =    0.7/s Avg:  1465 Min:    56 Max:  1943 Err:     0 (0.00%)
2021-06-27 19:12:30,766 INFO o.a.j.r.Summariser: Generate Summary Results +     20 in 00:00:30 =    0.7/s Avg:  1517 Min:  1016 Max:  1889 Err:     0 (0.00%) Active: 1 Started: 1 Finished: 0
2021-06-27 19:12:30,767 INFO o.a.j.r.Summariser: Generate Summary Results =   1864 in 00:45:34 =    0.7/s Avg:  1466 Min:    56 Max:  1943 Err:     0 (0.00%)
2021-06-27 19:13:00,820 INFO o.a.j.r.Summariser: Generate Summary Results +     21 in 00:00:30 =    0.7/s Avg:  1430 Min:  1105 Max:  1871 Err:     0 (0.00%) Active: 1 Started: 1 Finished: 0
2021-06-27 19:13:00,820 INFO o.a.j.r.Summariser: Generate Summary Results =   1885 in 00:46:04 =    0.7/s Avg:  1465 Min:    56 Max:  1943 Err:     0 (0.00%)
2021-06-27 19:13:30,701 INFO o.a.j.r.Summariser: Generate Summary Results +     20 in 00:00:30 =    0.7/s Avg:  1493 Min:  1093 Max:  1914 Err:     0 (0.00%) Active: 1 Started: 1 Finished: 0
2021-06-27 19:13:30,701 INFO o.a.j.r.Summariser: Generate Summary Results =   1905 in 00:46:34 =    0.7/s Avg:  1466 Min:    56 Max:  1943 Err:     0 (0.00%)
2021-06-27 19:14:01,204 INFO o.a.j.r.Summariser: Generate Summary Results +     20 in 00:00:31 =    0.7/s Avg:  1524 Min:  1115 Max:  1914 Err:     0 (0.00%) Active: 1 Started: 1 Finished: 0
2021-06-27 19:14:01,204 INFO o.a.j.r.Summariser: Generate Summary Results =   1925 in 00:47:05 =    0.7/s Avg:  1466 Min:    56 Max:  1943 Err:     0 (0.00%)
2021-06-27 19:14:30,812 INFO o.a.j.r.Summariser: Generate Summary Results +     19 in 00:00:30 =    0.6/s Avg:  1557 Min:  1040 Max:  1901 Err:     0 (0.00%) Active: 1 Started: 1 Finished: 0
2021-06-27 19:14:30,813 INFO o.a.j.r.Summariser: Generate Summary Results =   1944 in 00:47:34 =    0.7/s Avg:  1467 Min:    56 Max:  1943 Err:     0 (0.00%)
2021-06-27 19:15:00,831 INFO o.a.j.r.Summariser: Generate Summary Results +     21 in 00:00:30 =    0.7/s Avg:  1428 Min:  1055 Max:  1847 Err:     0 (0.00%) Active: 1 Started: 1 Finished: 0
2021-06-27 19:15:00,831 INFO o.a.j.r.Summariser: Generate Summary Results =   1965 in 00:48:04 =    0.7/s Avg:  1467 Min:    56 Max:  1943 Err:     0 (0.00%)
2021-06-27 19:15:30,691 INFO o.a.j.r.Summariser: Generate Summary Results +     19 in 00:00:30 =    0.6/s Avg:  1571 Min:  1103 Max:  1916 Err:     0 (0.00%) Active: 1 Started: 1 Finished: 0
2021-06-27 19:15:30,691 INFO o.a.j.r.Summariser: Generate Summary Results =   1984 in 00:48:34 =    0.7/s Avg:  1468 Min:    56 Max:  1943 Err:     0 (0.00%)
2021-06-27 19:15:56,591 INFO o.a.j.t.JMeterThread: Thread is done: tg_check_auth0_sven 1-1
2021-06-27 19:15:56,591 INFO o.a.j.t.JMeterThread: Thread finished: tg_check_auth0_sven 1-1
2021-06-27 19:15:56,592 INFO o.a.j.e.StandardJMeterEngine: Notifying test listeners of end of test
2021-06-27 19:15:56,592 INFO o.a.j.v.b.BackendListener: Worker ended
2021-06-27 19:15:56,593 INFO o.a.j.v.b.i.InfluxdbBackendListenerClient: Sending last metrics to InfluxDB
2021-06-27 19:15:56,594 INFO o.a.j.v.b.i.HttpMetricsSender: Destroying 
2021-06-27 19:15:56,601 INFO o.a.j.r.Summariser: Generate Summary Results +     17 in 00:00:26 =    0.7/s Avg:  1523 Min:  1089 Max:  1907 Err:     0 (0.00%) Active: 0 Started: 1 Finished: 1
2021-06-27 19:15:56,601 INFO o.a.j.r.Summariser: Generate Summary Results =   2001 in 00:49:00 =    0.7/s Avg:  1468 Min:    56 Max:  1943 Err:     0 (0.00%)
2021-06-27 19:15:56,601 INFO o.a.j.g.u.JMeterMenuBar: setRunning(false, *local*)
2021-06-27 19:33:03,116 INFO o.a.j.e.StandardJMeterEngine: Running the test!
2021-06-27 19:33:03,116 INFO o.a.j.s.SampleEvent: List of sample_variables: []
2021-06-27 19:33:03,117 ERROR k.a.j.c.VariableFromCsvFileReader: File not found: data/testEnvironment.properties (No such file or directory)
2021-06-27 19:33:03,117 ERROR k.a.j.c.VariableFromCsvFileReader: File not found: data/testConfig.properties (No such file or directory)
2021-06-27 19:33:03,117 ERROR k.a.j.c.VariableFromCsvFileReader: File not found: data/testUsers.properties (No such file or directory)
2021-06-27 19:33:03,117 ERROR k.a.j.c.VariableFromCsvFileReader: File not found: data/testThroughput.properties (No such file or directory)
2021-06-27 19:33:03,118 INFO o.a.j.v.b.BackendListener: Backend Listener: Starting worker with class: class org.apache.jmeter.visualizers.backend.influxdb.InfluxdbBackendListenerClient and queue capacity: 5000
2021-06-27 19:33:03,118 INFO o.a.j.v.b.BackendListener: Backend Listener: Started  worker with class: class org.apache.jmeter.visualizers.backend.influxdb.InfluxdbBackendListenerClient
2021-06-27 19:33:03,120 INFO o.a.j.g.u.JMeterMenuBar: setRunning(true, *local*)
2021-06-27 19:33:03,121 INFO o.a.j.e.StandardJMeterEngine: Starting setUp thread groups
2021-06-27 19:33:03,121 INFO o.a.j.e.StandardJMeterEngine: Starting setUp ThreadGroup: 1 : setUp_Data_Files 
2021-06-27 19:33:03,121 INFO o.a.j.e.StandardJMeterEngine: Starting 1 threads for group setUp_Data_Files.
2021-06-27 19:33:03,121 INFO o.a.j.e.StandardJMeterEngine: Test will stop on error
2021-06-27 19:33:03,121 INFO o.a.j.t.ThreadGroup: Starting thread group... number=1 threads=1 ramp-up=1 delayedStart=false
2021-06-27 19:33:03,121 INFO o.a.j.t.ThreadGroup: Started thread group number 1
2021-06-27 19:33:03,121 INFO o.a.j.e.StandardJMeterEngine: Waiting for all setup thread groups to exit
2021-06-27 19:33:03,122 INFO o.a.j.t.JMeterThread: Thread started: setUp_Data_Files 1-1
2021-06-27 19:33:03,165 INFO o.a.j.p.j.s.J.9999 - Load Redis: -----------------------------------------
2021-06-27 19:33:03,166 INFO o.a.j.p.j.s.J.9999 - Load Redis: Redis ... 192.168.0.81:6379
2021-06-27 19:33:03,168 INFO o.a.j.p.j.s.J.9999 - Load Redis: Redis running... PONG
2021-06-27 19:33:03,169 INFO o.a.j.p.j.s.J.9999 - Load Redis: clearing redis set: interfaces
2021-06-27 19:33:03,172 INFO o.a.j.p.j.s.J.9999 - Load Redis: 	cleared file: Count = 0
2021-06-27 19:33:03,173 INFO o.a.j.p.j.s.J.9999 - Load Redis: loading redis interfaces set. Starting at: 2021/06/27T19:33:03 ...
2021-06-27 19:33:03,177 INFO o.a.j.p.j.s.J.9999 - Load Redis: loaded interfaces file: 2 finished at 2021/06/27T19:33:03 ...
2021-06-27 19:33:03,177 INFO o.a.j.p.j.s.J.9999 - Load Redis: -----------------------------------------
2021-06-27 19:33:03,177 INFO o.a.j.r.Summariser: Generate Summary Results +      1 in 00:00:00 =   17.5/s Avg:    55 Min:    55 Max:    55 Err:     0 (0.00%) Active: 1 Started: 1 Finished: 0
2021-06-27 19:33:03,178 INFO o.a.j.t.JMeterThread: Thread is done: setUp_Data_Files 1-1
2021-06-27 19:33:03,178 INFO o.a.j.t.JMeterThread: Thread finished: setUp_Data_Files 1-1
2021-06-27 19:33:03,178 INFO o.a.j.e.StandardJMeterEngine: All Setup Threads have ended
2021-06-27 19:33:03,273 INFO o.a.j.e.StandardJMeterEngine: Starting ThreadGroup: 1 : tg_check_auth0_sven
2021-06-27 19:33:03,274 INFO o.a.j.e.StandardJMeterEngine: Starting 1 threads for group tg_check_auth0_sven.
2021-06-27 19:33:03,274 INFO o.a.j.e.StandardJMeterEngine: Thread will continue on error
2021-06-27 19:33:03,274 INFO o.a.j.t.ThreadGroup: Starting thread group... number=1 threads=1 ramp-up=1 delayedStart=false
2021-06-27 19:33:03,285 INFO o.a.j.t.ThreadGroup: Started thread group number 1
2021-06-27 19:33:03,285 INFO o.a.j.e.StandardJMeterEngine: All thread groups have been started
2021-06-27 19:33:03,285 INFO o.a.j.t.JMeterThread: Thread started: tg_check_auth0_sven 1-1
2021-06-27 19:33:30,976 INFO o.a.j.r.Summariser: Generate Summary Results +     19 in 00:00:28 =    0.7/s Avg:  1456 Min:  1121 Max:  1893 Err:     0 (0.00%) Active: 1 Started: 1 Finished: 0
2021-06-27 19:33:30,977 INFO o.a.j.r.Summariser: Generate Summary Results =     20 in 00:00:28 =    0.7/s Avg:  1386 Min:    55 Max:  1893 Err:     0 (0.00%)
2021-06-27 19:34:00,165 INFO o.a.j.r.Summariser: Generate Summary Results +     20 in 00:00:29 =    0.7/s Avg:  1458 Min:  1030 Max:  1867 Err:     0 (0.00%) Active: 1 Started: 1 Finished: 0
2021-06-27 19:34:00,165 INFO o.a.j.r.Summariser: Generate Summary Results =     40 in 00:00:57 =    0.7/s Avg:  1422 Min:    55 Max:  1893 Err:     0 (0.00%)
2021-06-27 19:34:31,485 INFO o.a.j.r.Summariser: Generate Summary Results +     21 in 00:00:31 =    0.7/s Avg:  1490 Min:  1039 Max:  1911 Err:     0 (0.00%) Active: 1 Started: 1 Finished: 0
2021-06-27 19:34:31,485 INFO o.a.j.r.Summariser: Generate Summary Results =     61 in 00:01:28 =    0.7/s Avg:  1446 Min:    55 Max:  1911 Err:     0 (0.00%)
2021-06-27 19:34:53,019 INFO o.a.j.g.a.Start: Stopping test
2021-06-27 19:34:53,038 INFO o.a.j.t.JMeterThread: Stopping: tg_check_auth0_sven 1-1
2021-06-27 19:34:53,038 WARN o.a.j.t.JMeterThread: Interrupting: tg_check_auth0_sven 1-1 sampler: TAB auth0_sven_check - 02_verify_verification_code
2021-06-27 19:34:53,040 INFO o.a.j.t.JMeterThread: Thread finished: tg_check_auth0_sven 1-1
2021-06-27 19:34:53,040 INFO o.a.j.e.StandardJMeterEngine: Notifying test listeners of end of test
2021-06-27 19:34:53,040 INFO o.a.j.v.b.BackendListener: Worker ended
2021-06-27 19:34:53,041 INFO o.a.j.v.b.i.InfluxdbBackendListenerClient: Sending last metrics to InfluxDB
2021-06-27 19:34:53,041 INFO o.a.j.v.b.i.HttpMetricsSender: Destroying 
2021-06-27 19:34:53,050 INFO o.a.j.r.Summariser: Generate Summary Results +     16 in 00:00:22 =    0.7/s Avg:  1346 Min:    97 Max:  1910 Err:     1 (6.25%) Active: 0 Started: 1 Finished: 1
2021-06-27 19:34:53,051 INFO o.a.j.r.Summariser: Generate Summary Results =     77 in 00:01:50 =    0.7/s Avg:  1425 Min:    55 Max:  1911 Err:     1 (1.30%)
2021-06-27 19:34:53,051 INFO o.a.j.g.u.JMeterMenuBar: setRunning(false, *local*)
2021-06-27 19:34:56,068 INFO o.a.j.e.StandardJMeterEngine: Running the test!
2021-06-27 19:34:56,068 INFO o.a.j.s.SampleEvent: List of sample_variables: []
2021-06-27 19:34:56,069 ERROR k.a.j.c.VariableFromCsvFileReader: File not found: data/testEnvironment.properties (No such file or directory)
2021-06-27 19:34:56,069 ERROR k.a.j.c.VariableFromCsvFileReader: File not found: data/testConfig.properties (No such file or directory)
2021-06-27 19:34:56,070 ERROR k.a.j.c.VariableFromCsvFileReader: File not found: data/testUsers.properties (No such file or directory)
2021-06-27 19:34:56,070 ERROR k.a.j.c.VariableFromCsvFileReader: File not found: data/testThroughput.properties (No such file or directory)
2021-06-27 19:34:56,071 INFO o.a.j.v.b.BackendListener: Backend Listener: Starting worker with class: class org.apache.jmeter.visualizers.backend.influxdb.InfluxdbBackendListenerClient and queue capacity: 5000
2021-06-27 19:34:56,071 INFO o.a.j.v.b.BackendListener: Backend Listener: Started  worker with class: class org.apache.jmeter.visualizers.backend.influxdb.InfluxdbBackendListenerClient
2021-06-27 19:34:56,072 INFO o.a.j.g.u.JMeterMenuBar: setRunning(true, *local*)
2021-06-27 19:34:56,072 INFO o.a.j.e.StandardJMeterEngine: Starting setUp thread groups
2021-06-27 19:34:56,073 INFO o.a.j.e.StandardJMeterEngine: Starting setUp ThreadGroup: 1 : setUp_Data_Files 
2021-06-27 19:34:56,073 INFO o.a.j.e.StandardJMeterEngine: Starting 1 threads for group setUp_Data_Files.
2021-06-27 19:34:56,073 INFO o.a.j.e.StandardJMeterEngine: Test will stop on error
2021-06-27 19:34:56,073 INFO o.a.j.t.ThreadGroup: Starting thread group... number=1 threads=1 ramp-up=1 delayedStart=false
2021-06-27 19:34:56,073 INFO o.a.j.t.ThreadGroup: Started thread group number 1
2021-06-27 19:34:56,073 INFO o.a.j.e.StandardJMeterEngine: Waiting for all setup thread groups to exit
2021-06-27 19:34:56,073 INFO o.a.j.t.JMeterThread: Thread started: setUp_Data_Files 1-1
2021-06-27 19:34:56,113 INFO o.a.j.p.j.s.J.9999 - Load Redis: -----------------------------------------
2021-06-27 19:34:56,114 INFO o.a.j.p.j.s.J.9999 - Load Redis: Redis ... 192.168.0.81:6379
2021-06-27 19:34:56,117 INFO o.a.j.p.j.s.J.9999 - Load Redis: Redis running... PONG
2021-06-27 19:34:56,117 INFO o.a.j.p.j.s.J.9999 - Load Redis: clearing redis set: interfaces
2021-06-27 19:34:56,120 INFO o.a.j.p.j.s.J.9999 - Load Redis: 	cleared file: Count = 0
2021-06-27 19:34:56,121 INFO o.a.j.p.j.s.J.9999 - Load Redis: loading redis interfaces set. Starting at: 2021/06/27T19:34:56 ...
2021-06-27 19:34:56,124 INFO o.a.j.p.j.s.J.9999 - Load Redis: loaded interfaces file: 2 finished at 2021/06/27T19:34:56 ...
2021-06-27 19:34:56,125 INFO o.a.j.p.j.s.J.9999 - Load Redis: -----------------------------------------
2021-06-27 19:34:56,125 INFO o.a.j.t.JMeterThread: Thread is done: setUp_Data_Files 1-1
2021-06-27 19:34:56,125 INFO o.a.j.t.JMeterThread: Thread finished: setUp_Data_Files 1-1
2021-06-27 19:34:56,125 INFO o.a.j.e.StandardJMeterEngine: All Setup Threads have ended
2021-06-27 19:34:56,187 INFO o.a.j.e.StandardJMeterEngine: Starting ThreadGroup: 1 : tg_check_auth0_sven
2021-06-27 19:34:56,188 INFO o.a.j.e.StandardJMeterEngine: Starting 1 threads for group tg_check_auth0_sven.
2021-06-27 19:34:56,188 INFO o.a.j.e.StandardJMeterEngine: Thread will continue on error
2021-06-27 19:34:56,188 INFO o.a.j.t.ThreadGroup: Starting thread group... number=1 threads=1 ramp-up=1 delayedStart=false
2021-06-27 19:34:56,194 INFO o.a.j.t.ThreadGroup: Started thread group number 1
2021-06-27 19:34:56,194 INFO o.a.j.e.StandardJMeterEngine: All thread groups have been started
2021-06-27 19:34:56,195 INFO o.a.j.t.JMeterThread: Thread started: tg_check_auth0_sven 1-1
2021-06-27 19:34:57,306 INFO o.a.j.g.a.Start: Stopping test
2021-06-27 19:34:57,325 INFO o.a.j.t.JMeterThread: Stopping: tg_check_auth0_sven 1-1
2021-06-27 19:34:57,325 WARN o.a.j.t.JMeterThread: Interrupting: tg_check_auth0_sven 1-1 sampler: TAB auth0_sven_check - 01_request_verification_email
2021-06-27 19:34:57,327 INFO o.a.j.t.JMeterThread: Thread finished: tg_check_auth0_sven 1-1
2021-06-27 19:34:57,327 INFO o.a.j.e.StandardJMeterEngine: Notifying test listeners of end of test
2021-06-27 19:34:57,328 INFO o.a.j.v.b.BackendListener: Worker ended
2021-06-27 19:34:57,328 INFO o.a.j.v.b.i.InfluxdbBackendListenerClient: Sending last metrics to InfluxDB
2021-06-27 19:34:57,329 INFO o.a.j.v.b.i.HttpMetricsSender: Destroying 
2021-06-27 19:34:57,337 INFO o.a.j.r.Summariser: Generate Summary Results =      2 in 00:00:01 =    1.6/s Avg:   590 Min:    51 Max:  1129 Err:     1 (50.00%)
2021-06-27 19:34:57,338 INFO o.a.j.g.u.JMeterMenuBar: setRunning(false, *local*)
2021-06-27 19:45:47,819 INFO o.a.j.e.StandardJMeterEngine: Running the test!
2021-06-27 19:45:47,819 INFO o.a.j.s.SampleEvent: List of sample_variables: []
2021-06-27 19:45:47,819 ERROR k.a.j.c.VariableFromCsvFileReader: File not found: data/testEnvironment.properties (No such file or directory)
2021-06-27 19:45:47,820 ERROR k.a.j.c.VariableFromCsvFileReader: File not found: data/testConfig.properties (No such file or directory)
2021-06-27 19:45:47,820 ERROR k.a.j.c.VariableFromCsvFileReader: File not found: data/testUsers.properties (No such file or directory)
2021-06-27 19:45:47,820 ERROR k.a.j.c.VariableFromCsvFileReader: File not found: data/testThroughput.properties (No such file or directory)
2021-06-27 19:45:47,821 INFO o.a.j.v.b.BackendListener: Backend Listener: Starting worker with class: class org.apache.jmeter.visualizers.backend.influxdb.InfluxdbBackendListenerClient and queue capacity: 5000
2021-06-27 19:45:47,821 INFO o.a.j.v.b.BackendListener: Backend Listener: Started  worker with class: class org.apache.jmeter.visualizers.backend.influxdb.InfluxdbBackendListenerClient
2021-06-27 19:45:47,823 INFO o.a.j.g.u.JMeterMenuBar: setRunning(true, *local*)
2021-06-27 19:45:47,824 INFO o.a.j.e.StandardJMeterEngine: Starting setUp thread groups
2021-06-27 19:45:47,824 INFO o.a.j.e.StandardJMeterEngine: Starting setUp ThreadGroup: 1 : setUp_Data_Files 
2021-06-27 19:45:47,824 INFO o.a.j.e.StandardJMeterEngine: Starting 1 threads for group setUp_Data_Files.
2021-06-27 19:45:47,824 INFO o.a.j.e.StandardJMeterEngine: Test will stop on error
2021-06-27 19:45:47,825 INFO o.a.j.t.ThreadGroup: Starting thread group... number=1 threads=1 ramp-up=1 delayedStart=false
2021-06-27 19:45:47,825 INFO o.a.j.t.ThreadGroup: Started thread group number 1
2021-06-27 19:45:47,825 INFO o.a.j.e.StandardJMeterEngine: Waiting for all setup thread groups to exit
2021-06-27 19:45:47,825 INFO o.a.j.t.JMeterThread: Thread started: setUp_Data_Files 1-1
2021-06-27 19:45:47,867 INFO o.a.j.p.j.s.J.9999 - Load Redis: -----------------------------------------
2021-06-27 19:45:47,868 INFO o.a.j.p.j.s.J.9999 - Load Redis: Redis ... 192.168.0.81:6379
2021-06-27 19:45:47,870 INFO o.a.j.p.j.s.J.9999 - Load Redis: Redis running... PONG
2021-06-27 19:45:47,870 INFO o.a.j.p.j.s.J.9999 - Load Redis: clearing redis set: interfaces
2021-06-27 19:45:47,873 INFO o.a.j.p.j.s.J.9999 - Load Redis: 	cleared file: Count = 0
2021-06-27 19:45:47,874 INFO o.a.j.p.j.s.J.9999 - Load Redis: loading redis interfaces set. Starting at: 2021/06/27T19:45:47 ...
2021-06-27 19:45:47,878 INFO o.a.j.p.j.s.J.9999 - Load Redis: loaded interfaces file: 2 finished at 2021/06/27T19:45:47 ...
2021-06-27 19:45:47,878 INFO o.a.j.p.j.s.J.9999 - Load Redis: -----------------------------------------
2021-06-27 19:45:47,878 INFO o.a.j.t.JMeterThread: Thread is done: setUp_Data_Files 1-1
2021-06-27 19:45:47,878 INFO o.a.j.t.JMeterThread: Thread finished: setUp_Data_Files 1-1
2021-06-27 19:45:47,878 INFO o.a.j.e.StandardJMeterEngine: All Setup Threads have ended
2021-06-27 19:45:47,944 INFO o.a.j.e.StandardJMeterEngine: Starting ThreadGroup: 1 : tg_check_auth0_sven
2021-06-27 19:45:47,944 INFO o.a.j.e.StandardJMeterEngine: Starting 1 threads for group tg_check_auth0_sven.
2021-06-27 19:45:47,944 INFO o.a.j.e.StandardJMeterEngine: Thread will continue on error
2021-06-27 19:45:47,944 INFO o.a.j.t.ThreadGroup: Starting thread group... number=1 threads=1 ramp-up=1 delayedStart=false
2021-06-27 19:45:47,949 INFO o.a.j.t.ThreadGroup: Started thread group number 1
2021-06-27 19:45:47,949 INFO o.a.j.e.StandardJMeterEngine: All thread groups have been started
2021-06-27 19:45:47,950 INFO o.a.j.t.JMeterThread: Thread started: tg_check_auth0_sven 1-1
2021-06-27 19:46:01,101 INFO o.a.j.r.Summariser: Generate Summary Results +     11 in 00:00:13 =    0.8/s Avg:  1199 Min:    51 Max:  1843 Err:     0 (0.00%) Active: 1 Started: 1 Finished: 0
2021-06-27 19:46:30,451 INFO o.a.j.r.Summariser: Generate Summary Results +     21 in 00:00:29 =    0.7/s Avg:  1397 Min:  1100 Max:  1922 Err:     0 (0.00%) Active: 1 Started: 1 Finished: 0
2021-06-27 19:46:30,451 INFO o.a.j.r.Summariser: Generate Summary Results =     32 in 00:00:43 =    0.8/s Avg:  1329 Min:    51 Max:  1922 Err:     0 (0.00%)
2021-06-27 19:47:01,203 INFO o.a.j.r.Summariser: Generate Summary Results +    281 in 00:00:31 =    9.1/s Avg:   109 Min:     0 Max:  1985 Err:   262 (93.24%) Active: 1 Started: 1 Finished: 0
2021-06-27 19:47:01,203 INFO o.a.j.r.Summariser: Generate Summary Results =    313 in 00:01:13 =    4.3/s Avg:   233 Min:     0 Max:  1985 Err:   262 (83.71%)
2021-06-27 19:47:30,841 INFO o.a.j.r.Summariser: Generate Summary Results +   3750 in 00:00:30 =  126.5/s Avg:     7 Min:     0 Max:  1913 Err:  3750 (100.00%) Active: 1 Started: 1 Finished: 0
2021-06-27 19:47:30,841 INFO o.a.j.r.Summariser: Generate Summary Results =   4063 in 00:01:43 =   39.4/s Avg:    25 Min:     0 Max:  1985 Err:  4012 (98.74%)
2021-06-27 19:48:00,926 INFO o.a.j.r.Summariser: Generate Summary Results +    771 in 00:00:30 =   25.6/s Avg:    38 Min:     0 Max:  2063 Err:   753 (97.67%) Active: 1 Started: 1 Finished: 0
2021-06-27 19:48:00,927 INFO o.a.j.r.Summariser: Generate Summary Results =   4834 in 00:02:13 =   36.3/s Avg:    27 Min:     0 Max:  2063 Err:  4765 (98.57%)
2021-06-27 19:48:30,396 INFO o.a.j.r.Summariser: Generate Summary Results +     21 in 00:00:29 =    0.7/s Avg:  1403 Min:  1041 Max:  1996 Err:     0 (0.00%) Active: 1 Started: 1 Finished: 0
2021-06-27 19:48:30,396 INFO o.a.j.r.Summariser: Generate Summary Results =   4855 in 00:02:43 =   29.9/s Avg:    33 Min:     0 Max:  2063 Err:  4765 (98.15%)
2021-06-27 19:49:00,087 INFO o.a.j.r.Summariser: Generate Summary Results +     22 in 00:00:30 =    0.7/s Avg:  1349 Min:  1031 Max:  1954 Err:     0 (0.00%) Active: 1 Started: 1 Finished: 0
2021-06-27 19:49:00,087 INFO o.a.j.r.Summariser: Generate Summary Results =   4877 in 00:03:12 =   25.4/s Avg:    39 Min:     0 Max:  2063 Err:  4765 (97.70%)
2021-06-27 19:49:31,190 INFO o.a.j.r.Summariser: Generate Summary Results +     23 in 00:00:31 =    0.7/s Avg:  1351 Min:  1029 Max:  1906 Err:     0 (0.00%) Active: 1 Started: 1 Finished: 0
2021-06-27 19:49:31,191 INFO o.a.j.r.Summariser: Generate Summary Results =   4900 in 00:03:43 =   21.9/s Avg:    45 Min:     0 Max:  2063 Err:  4765 (97.24%)
2021-06-27 19:50:01,294 INFO o.a.j.r.Summariser: Generate Summary Results +     22 in 00:00:30 =    0.7/s Avg:  1367 Min:  1040 Max:  1848 Err:     0 (0.00%) Active: 1 Started: 1 Finished: 0
2021-06-27 19:50:01,294 INFO o.a.j.r.Summariser: Generate Summary Results =   4922 in 00:04:13 =   19.4/s Avg:    51 Min:     0 Max:  2063 Err:  4765 (96.81%)
2021-06-27 19:50:30,972 INFO o.a.j.r.Summariser: Generate Summary Results +     22 in 00:00:30 =    0.7/s Avg:  1348 Min:  1071 Max:  1971 Err:     0 (0.00%) Active: 1 Started: 1 Finished: 0
2021-06-27 19:50:30,972 INFO o.a.j.r.Summariser: Generate Summary Results =   4944 in 00:04:43 =   17.5/s Avg:    56 Min:     0 Max:  2063 Err:  4765 (96.38%)
2021-06-27 19:51:01,147 INFO o.a.j.r.Summariser: Generate Summary Results +     21 in 00:00:30 =    0.7/s Avg:  1436 Min:  1130 Max:  1957 Err:     0 (0.00%) Active: 1 Started: 1 Finished: 0
2021-06-27 19:51:01,147 INFO o.a.j.r.Summariser: Generate Summary Results =   4965 in 00:05:13 =   15.8/s Avg:    62 Min:     0 Max:  2063 Err:  4765 (95.97%)
2021-06-27 19:51:30,308 INFO o.a.j.r.Summariser: Generate Summary Results +     21 in 00:00:29 =    0.7/s Avg:  1387 Min:  1025 Max:  1988 Err:     0 (0.00%) Active: 1 Started: 1 Finished: 0
2021-06-27 19:51:30,308 INFO o.a.j.r.Summariser: Generate Summary Results =   4986 in 00:05:42 =   14.6/s Avg:    68 Min:     0 Max:  2063 Err:  4765 (95.57%)
2021-06-27 19:52:00,790 INFO o.a.j.r.Summariser: Generate Summary Results +     20 in 00:00:30 =    0.7/s Avg:  1523 Min:  1071 Max:  1912 Err:     0 (0.00%) Active: 1 Started: 1 Finished: 0
2021-06-27 19:52:00,791 INFO o.a.j.r.Summariser: Generate Summary Results =   5006 in 00:06:13 =   13.4/s Avg:    74 Min:     0 Max:  2063 Err:  4765 (95.19%)
2021-06-27 19:52:31,296 INFO o.a.j.r.Summariser: Generate Summary Results +     22 in 00:00:31 =    0.7/s Avg:  1386 Min:  1043 Max:  2013 Err:     0 (0.00%) Active: 1 Started: 1 Finished: 0
2021-06-27 19:52:31,297 INFO o.a.j.r.Summariser: Generate Summary Results =   5028 in 00:06:43 =   12.5/s Avg:    79 Min:     0 Max:  2063 Err:  4765 (94.77%)
2021-06-27 19:53:00,444 INFO o.a.j.r.Summariser: Generate Summary Results +     20 in 00:00:29 =    0.7/s Avg:  1456 Min:  1030 Max:  1949 Err:     0 (0.00%) Active: 1 Started: 1 Finished: 0
2021-06-27 19:53:00,445 INFO o.a.j.r.Summariser: Generate Summary Results =   5048 in 00:07:13 =   11.7/s Avg:    85 Min:     0 Max:  2063 Err:  4765 (94.39%)
2021-06-27 19:53:30,338 INFO o.a.j.r.Summariser: Generate Summary Results +     20 in 00:00:30 =    0.7/s Avg:  1494 Min:  1039 Max:  2010 Err:     0 (0.00%) Active: 1 Started: 1 Finished: 0
2021-06-27 19:53:30,339 INFO o.a.j.r.Summariser: Generate Summary Results =   5068 in 00:07:43 =   11.0/s Avg:    90 Min:     0 Max:  2063 Err:  4765 (94.02%)
2021-06-27 19:54:00,636 INFO o.a.j.r.Summariser: Generate Summary Results +     22 in 00:00:30 =    0.7/s Avg:  1376 Min:  1092 Max:  1893 Err:     0 (0.00%) Active: 1 Started: 1 Finished: 0
2021-06-27 19:54:00,636 INFO o.a.j.r.Summariser: Generate Summary Results =   5090 in 00:08:13 =   10.3/s Avg:    96 Min:     0 Max:  2063 Err:  4765 (93.61%)
2021-06-27 19:54:31,300 INFO o.a.j.r.Summariser: Generate Summary Results +     22 in 00:00:31 =    0.7/s Avg:  1393 Min:  1042 Max:  2010 Err:     0 (0.00%) Active: 1 Started: 1 Finished: 0
2021-06-27 19:54:31,301 INFO o.a.j.r.Summariser: Generate Summary Results =   5112 in 00:08:43 =    9.8/s Avg:   102 Min:     0 Max:  2063 Err:  4765 (93.21%)
2021-06-27 19:55:00,381 INFO o.a.j.r.Summariser: Generate Summary Results +     22 in 00:00:29 =    0.8/s Avg:  1321 Min:  1066 Max:  1848 Err:     0 (0.00%) Active: 1 Started: 1 Finished: 0
2021-06-27 19:55:00,382 INFO o.a.j.r.Summariser: Generate Summary Results =   5134 in 00:09:13 =    9.3/s Avg:   107 Min:     0 Max:  2063 Err:  4765 (92.81%)
2021-06-27 19:55:30,679 INFO o.a.j.r.Summariser: Generate Summary Results +     22 in 00:00:30 =    0.7/s Avg:  1376 Min:  1031 Max:  1959 Err:     0 (0.00%) Active: 1 Started: 1 Finished: 0
2021-06-27 19:55:30,679 INFO o.a.j.r.Summariser: Generate Summary Results =   5156 in 00:09:43 =    8.8/s Avg:   112 Min:     0 Max:  2063 Err:  4765 (92.42%)
2021-06-27 19:56:01,146 INFO o.a.j.r.Summariser: Generate Summary Results +     21 in 00:00:30 =    0.7/s Avg:  1450 Min:  1186 Max:  1952 Err:     0 (0.00%) Active: 1 Started: 1 Finished: 0
2021-06-27 19:56:01,146 INFO o.a.j.r.Summariser: Generate Summary Results =   5177 in 00:10:13 =    8.4/s Avg:   118 Min:     0 Max:  2063 Err:  4765 (92.04%)
2021-06-27 19:56:31,282 INFO o.a.j.r.Summariser: Generate Summary Results +     21 in 00:00:30 =    0.7/s Avg:  1434 Min:  1064 Max:  1847 Err:     0 (0.00%) Active: 1 Started: 1 Finished: 0
2021-06-27 19:56:31,282 INFO o.a.j.r.Summariser: Generate Summary Results =   5198 in 00:10:43 =    8.1/s Avg:   123 Min:     0 Max:  2063 Err:  4765 (91.67%)
2021-06-27 19:57:00,003 INFO o.a.j.r.Summariser: Generate Summary Results +     20 in 00:00:29 =    0.7/s Avg:  1435 Min:  1038 Max:  1825 Err:     0 (0.00%) Active: 1 Started: 1 Finished: 0
2021-06-27 19:57:00,003 INFO o.a.j.r.Summariser: Generate Summary Results =   5218 in 00:11:12 =    7.8/s Avg:   128 Min:     0 Max:  2063 Err:  4765 (91.32%)
2021-06-27 19:57:30,262 INFO o.a.j.r.Summariser: Generate Summary Results +     21 in 00:00:30 =    0.7/s Avg:  1440 Min:  1029 Max:  1960 Err:     0 (0.00%) Active: 1 Started: 1 Finished: 0
2021-06-27 19:57:30,262 INFO o.a.j.r.Summariser: Generate Summary Results =   5239 in 00:11:42 =    7.5/s Avg:   133 Min:     0 Max:  2063 Err:  4765 (90.95%)
2021-06-27 19:58:01,044 INFO o.a.j.r.Summariser: Generate Summary Results +     22 in 00:00:31 =    0.7/s Avg:  1398 Min:  1051 Max:  1982 Err:     0 (0.00%) Active: 1 Started: 1 Finished: 0
2021-06-27 19:58:01,044 INFO o.a.j.r.Summariser: Generate Summary Results =   5261 in 00:12:13 =    7.2/s Avg:   139 Min:     0 Max:  2063 Err:  4765 (90.57%)
2021-06-27 19:58:30,558 INFO o.a.j.r.Summariser: Generate Summary Results +     22 in 00:00:30 =    0.7/s Avg:  1341 Min:  1055 Max:  2004 Err:     0 (0.00%) Active: 1 Started: 1 Finished: 0
2021-06-27 19:58:30,558 INFO o.a.j.r.Summariser: Generate Summary Results =   5283 in 00:12:43 =    6.9/s Avg:   144 Min:     0 Max:  2063 Err:  4765 (90.19%)
2021-06-27 19:59:00,307 INFO o.a.j.r.Summariser: Generate Summary Results +     21 in 00:00:30 =    0.7/s Avg:  1416 Min:  1018 Max:  1937 Err:     0 (0.00%) Active: 1 Started: 1 Finished: 0
2021-06-27 19:59:00,307 INFO o.a.j.r.Summariser: Generate Summary Results =   5304 in 00:13:12 =    6.7/s Avg:   149 Min:     0 Max:  2063 Err:  4765 (89.84%)
2021-06-27 19:59:09,158 INFO o.a.j.g.a.Start: Stopping test
2021-06-27 19:59:09,176 INFO o.a.j.t.JMeterThread: Stopping: tg_check_auth0_sven 1-1
2021-06-27 19:59:09,176 WARN o.a.j.t.JMeterThread: Interrupting: tg_check_auth0_sven 1-1 sampler: TAB auth0_sven_check - 02_verify_verification_code
2021-06-27 19:59:09,177 INFO o.a.j.t.JMeterThread: Thread finished: tg_check_auth0_sven 1-1
2021-06-27 19:59:09,178 INFO o.a.j.e.StandardJMeterEngine: Notifying test listeners of end of test
2021-06-27 19:59:09,178 INFO o.a.j.v.b.BackendListener: Worker ended
2021-06-27 19:59:09,178 INFO o.a.j.v.b.i.InfluxdbBackendListenerClient: Sending last metrics to InfluxDB
2021-06-27 19:59:09,178 INFO o.a.j.v.b.i.HttpMetricsSender: Destroying 
2021-06-27 19:59:09,185 INFO o.a.j.r.Summariser: Generate Summary Results +      7 in 00:00:09 =    0.8/s Avg:  1266 Min:   984 Max:  1912 Err:     1 (14.29%) Active: 0 Started: 1 Finished: 1
2021-06-27 19:59:09,186 INFO o.a.j.r.Summariser: Generate Summary Results =   5311 in 00:13:21 =    6.6/s Avg:   150 Min:     0 Max:  2063 Err:  4766 (89.74%)
2021-06-27 19:59:09,186 INFO o.a.j.g.u.JMeterMenuBar: setRunning(false, *local*)
